#
# There is insufficient memory for the Java Runtime Environment to continue.
# Native memory allocation (malloc) failed to allocate 676832 bytes for Chunk::new
# Possible reasons:
#   The system is out of physical RAM or swap space
#   The process is running with CompressedOops enabled, and the Java Heap may be blocking the growth of the native heap
# Possible solutions:
#   Reduce memory load on the system
#   Increase physical memory or swap space
#   Check if swap backing store is full
#   Decrease Java heap size (-Xmx/-Xms)
#   Decrease number of Java threads
#   Decrease Java thread stack sizes (-Xss)
#   Set larger code cache with -XX:ReservedCodeCacheSize=
#   JVM is running with Unscaled Compressed Oops mode in which the Java heap is
#     placed in the first 4GB address space. The Java Heap base address is the
#     maximum limit for the native heap growth. Please use -XX:HeapBaseMinAddress
#     to set the Java Heap base and to place the Java Heap above 4GB virtual address.
# This output file may be truncated or incomplete.
#
#  Out of Memory Error (allocation.cpp:389), pid=18896, tid=0x000000000000489c
#
# JRE version: OpenJDK Runtime Environment (8.0_242-b01) (build 1.8.0_242-release-1644-b01)
# Java VM: OpenJDK 64-Bit Server VM (25.242-b01 mixed mode windows-amd64 compressed oops)
# Failed to write core dump. Minidumps are not enabled by default on client versions of Windows
#

---------------  T H R E A D  ---------------

Current thread (0x000000001777b000):  JavaThread "C2 CompilerThread1" daemon [_thread_in_native, id=18588, stack(0x0000000018ec0000,0x0000000018fc0000)]

Stack: [0x0000000018ec0000,0x0000000018fc0000]
[error occurred during error reporting (printing stack bounds), id 0xc0000005]

Native frames: (J=compiled Java code, j=interpreted, Vv=VM code, C=native code)


Current CompileTask:
C2: 141764 5419       4       groovy.lang.MetaClassImpl::inheritInterfaceNewMetaMethods (199 bytes)


---------------  P R O C E S S  ---------------

Java Threads: ( => current thread )
  0x0000000019390000 JavaThread "Cache worker for Build Output Cleanup Cache (C:\Users\hp\AndroidStudioProjects\MyApplication\.gradle\buildOutputCleanup)" [_thread_blocked, id=16844, stack(0x000000001d150000,0x000000001d250000)]
  0x000000001938f000 JavaThread "jar transforms Thread 94" [_thread_blocked, id=17608, stack(0x0000000028050000,0x0000000028150000)]
  0x000000001a935800 JavaThread "Build operations Thread 4" [_thread_blocked, id=4276, stack(0x0000000022450000,0x0000000022550000)]
  0x000000001a92e000 JavaThread "Build operations Thread 3" [_thread_blocked, id=12564, stack(0x0000000022350000,0x0000000022450000)]
  0x000000001a935000 JavaThread "Build operations Thread 2" [_thread_blocked, id=5796, stack(0x0000000022250000,0x0000000022350000)]
  0x000000001a930800 JavaThread "Build operations" [_thread_blocked, id=9552, stack(0x0000000022150000,0x0000000022250000)]
  0x000000001ac60800 JavaThread "Cache worker for file content cache (C:\Users\hp\.gradle\caches\6.5\fileContent)" [_thread_blocked, id=18496, stack(0x0000000021a50000,0x0000000021b50000)]
  0x000000001ac5c800 JavaThread "Cache worker for execution history cache (C:\Users\hp\.gradle\caches\6.5\executionHistory)" [_thread_blocked, id=3312, stack(0x0000000021250000,0x0000000021350000)]
  0x000000001ac5b000 JavaThread "Cache worker for cache directory md-rule (C:\Users\hp\.gradle\caches\6.5\md-rule)" [_thread_blocked, id=17936, stack(0x0000000021150000,0x0000000021250000)]
  0x000000001ac5f000 JavaThread "Cache worker for cache directory md-supplier (C:\Users\hp\.gradle\caches\6.5\md-supplier)" [_thread_blocked, id=14432, stack(0x0000000021050000,0x0000000021150000)]
  0x000000001ac61000 JavaThread "Cache worker for checksums cache (C:\Users\hp\AndroidStudioProjects\MyApplication\.gradle\checksums)" [_thread_blocked, id=19428, stack(0x000000001fcf0000,0x000000001fdf0000)]
  0x000000001ac5a000 JavaThread "Cache worker for file hash cache (C:\Users\hp\AndroidStudioProjects\MyApplication\.gradle\6.5\fileHashes)" [_thread_blocked, id=19220, stack(0x000000001fbf0000,0x000000001fcf0000)]
  0x000000001ac5e000 JavaThread "Cache worker for file hash cache (C:\Users\hp\.gradle\caches\6.5\fileHashes)" [_thread_blocked, id=16468, stack(0x000000001d750000,0x000000001d850000)]
  0x000000001ac5b800 JavaThread "File lock request listener" [_thread_in_native, id=17648, stack(0x000000001d650000,0x000000001d750000)]
  0x000000001a9c0800 JavaThread "Cache worker for journal cache (C:\Users\hp\.gradle\caches\journal-1)" [_thread_blocked, id=19204, stack(0x000000001d550000,0x000000001d650000)]
  0x0000000019997000 JavaThread "Thread-9" [_thread_blocked, id=18460, stack(0x000000001d250000,0x000000001d350000)]
  0x000000001a4e4000 JavaThread "Asynchronous log dispatcher for DefaultDaemonConnection: socket connection from /127.0.0.1:59062 to /127.0.0.1:59063" [_thread_blocked, id=12212, stack(0x000000001d050000,0x000000001d150000)]
  0x000000001a7b5800 JavaThread "Daemon worker" [_thread_in_native, id=16172, stack(0x000000001cf50000,0x000000001d050000)]
  0x000000001a82b800 JavaThread "Cancel handler" [_thread_blocked, id=18512, stack(0x000000001ce50000,0x000000001cf50000)]
  0x0000000019f08800 JavaThread "Handler for socket connection from /127.0.0.1:59062 to /127.0.0.1:59063" [_thread_in_native, id=18028, stack(0x000000001cd50000,0x000000001ce50000)]
  0x0000000019f05800 JavaThread "Daemon" [_thread_blocked, id=12184, stack(0x000000001cc50000,0x000000001cd50000)]
  0x000000001a73d000 JavaThread "Daemon periodic checks" [_thread_blocked, id=15536, stack(0x000000001c950000,0x000000001ca50000)]
  0x000000001a7a4000 JavaThread "Incoming local TCP Connector on port 59062" [_thread_in_native, id=16912, stack(0x000000001c710000,0x000000001c810000)]
  0x000000001b255800 JavaThread "Daemon health stats" [_thread_blocked, id=10788, stack(0x000000001c0d0000,0x000000001c1d0000)]
  0x00000000190e8800 JavaThread "Service Thread" daemon [_thread_blocked, id=18472, stack(0x00000000194c0000,0x00000000195c0000)]
  0x000000001778a000 JavaThread "C1 CompilerThread2" daemon [_thread_blocked, id=15152, stack(0x0000000018fc0000,0x00000000190c0000)]
=>0x000000001777b000 JavaThread "C2 CompilerThread1" daemon [_thread_in_native, id=18588, stack(0x0000000018ec0000,0x0000000018fc0000)]
  0x0000000017776000 JavaThread "C2 CompilerThread0" daemon [_thread_blocked, id=12308, stack(0x0000000018dc0000,0x0000000018ec0000)]
  0x0000000017775000 JavaThread "Attach Listener" daemon [_thread_blocked, id=18008, stack(0x0000000018cc0000,0x0000000018dc0000)]
  0x0000000017770800 JavaThread "Signal Dispatcher" daemon [_thread_blocked, id=9148, stack(0x0000000018bc0000,0x0000000018cc0000)]
  0x0000000002b4b000 JavaThread "Finalizer" daemon [_thread_blocked, id=18732, stack(0x00000000189c0000,0x0000000018ac0000)]
  0x0000000017759000 JavaThread "Reference Handler" daemon [_thread_blocked, id=17028, stack(0x00000000188c0000,0x00000000189c0000)]
  0x0000000000f5d800 JavaThread "main" [_thread_blocked, id=18796, stack(0x0000000002950000,0x0000000002a50000)]

Other Threads:
  0x0000000017736000 VMThread [stack: 0x00000000187c0000,0x00000000188c0000] [id=5088]
  0x00000000177cd800 WatcherThread [stack: 0x00000000195c0000,0x00000000196c0000] [id=9756]

VM state:not at safepoint (normal execution)

VM Mutex/Monitor currently owned by a thread: None

heap address: 0x0000000080000000, size: 2048 MB, Compressed Oops mode: 32-bit
Narrow klass base: 0x0000000000000000, Narrow klass shift: 3
Compressed class space size: 1073741824 Address: 0x0000000100000000

Heap:
 PSYoungGen      total 148992K, used 129752K [0x00000000d5580000, 0x00000000e3c80000, 0x0000000100000000)
  eden space 136704K, 85% used [0x00000000d5580000,0x00000000dc83ddf0,0x00000000ddb00000)
  from space 12288K, 99% used [0x00000000ddb00000,0x00000000de6f83f0,0x00000000de700000)
  to   space 17408K, 0% used [0x00000000e2b80000,0x00000000e2b80000,0x00000000e3c80000)
 ParOldGen       total 59904K, used 22610K [0x0000000080000000, 0x0000000083a80000, 0x00000000d5580000)
  object space 59904K, 37% used [0x0000000080000000,0x0000000081614b18,0x0000000083a80000)
 Metaspace       used 56717K, capacity 58958K, committed 59160K, reserved 1099776K
  class space    used 7742K, capacity 8225K, committed 8240K, reserved 1048576K

Card table byte_map: [0x0000000011f10000,0x0000000012320000] byte_map_base: 0x0000000011b10000

Marking Bits: (ParMarkBitMap*) 0x0000000075cff030
 Begin Bits: [0x00000000129d0000, 0x00000000149d0000)
 End Bits:   [0x00000000149d0000, 0x00000000169d0000)

Polling page: 0x0000000000f60000

CodeCache: size=245760Kb used=16867Kb max_used=16893Kb free=228892Kb
 bounds [0x0000000002b50000, 0x0000000003be0000, 0x0000000011b50000]
 total_blobs=5651 nmethods=4883 adapters=680
 compilation: enabled

Compilation events (10 events):
Event: 141.210 Thread 0x000000001778a000 nmethod 5470 0x0000000003bc5d90 code [0x0000000003bc5ee0, 0x0000000003bc5ff0]
Event: 141.216 Thread 0x000000001778a000 5471       3       sun.reflect.ClassFileAssembler::opc_athrow (12 bytes)
Event: 141.217 Thread 0x000000001778a000 nmethod 5471 0x0000000003bc35d0 code [0x0000000003bc3760, 0x0000000003bc3a68]
Event: 141.218 Thread 0x000000001778a000 5472       3       sun.reflect.Reflection::quickCheckMemberAccess (10 bytes)
Event: 141.218 Thread 0x000000001778a000 nmethod 5472 0x0000000003bc3190 code [0x0000000003bc3300, 0x0000000003bc3528]
Event: 141.219 Thread 0x000000001778a000 5473       3       org.gradle.internal.instantiation.generator.AsmBackedClassGenerator$ClassBuilderImpl::addSetter (50 bytes)
Event: 141.220 Thread 0x000000001778a000 nmethod 5473 0x0000000003bc27d0 code [0x0000000003bc2980, 0x0000000003bc2f98]
Event: 141.581 Thread 0x0000000017776000 nmethod 5463% 0x0000000003bd6b10 code [0x0000000003bd6f40, 0x0000000003bdb2e0]
Event: 141.581 Thread 0x0000000017776000 5465       4       org.objectweb.asm.Type::getTypeInternal (199 bytes)
Event: 141.585 Thread 0x0000000017776000 nmethod 5465 0x0000000003bd4f50 code [0x0000000003bd52e0, 0x0000000003bd5648]

GC Heap History (10 events):
Event: 52.157 GC heap before
{Heap before GC invocations=11 (full 1):
 PSYoungGen      total 71680K, used 69933K [0x00000000d5580000, 0x00000000dc700000, 0x0000000100000000)
  eden space 60928K, 100% used [0x00000000d5580000,0x00000000d9100000,0x00000000d9100000)
  from space 10752K, 83% used [0x00000000d9100000,0x00000000d99cb450,0x00000000d9b80000)
  to   space 11776K, 0% used [0x00000000dbb80000,0x00000000dbb80000,0x00000000dc700000)
 ParOldGen       total 47104K, used 6646K [0x0000000080000000, 0x0000000082e00000, 0x00000000d5580000)
  object space 47104K, 14% used [0x0000000080000000,0x000000008067d9f8,0x0000000082e00000)
 Metaspace       used 34255K, capacity 35404K, committed 35496K, reserved 1079296K
  class space    used 4706K, capacity 5001K, committed 5040K, reserved 1048576K
Event: 52.169 GC heap after
Heap after GC invocations=11 (full 1):
 PSYoungGen      total 102400K, used 8658K [0x00000000d5580000, 0x00000000dc680000, 0x0000000100000000)
  eden space 91136K, 0% used [0x00000000d5580000,0x00000000d5580000,0x00000000dae80000)
  from space 11264K, 76% used [0x00000000dbb80000,0x00000000dc3f4ae0,0x00000000dc680000)
  to   space 12288K, 0% used [0x00000000dae80000,0x00000000dae80000,0x00000000dba80000)
 ParOldGen       total 47104K, used 7426K [0x0000000080000000, 0x0000000082e00000, 0x00000000d5580000)
  object space 47104K, 15% used [0x0000000080000000,0x0000000080740848,0x0000000082e00000)
 Metaspace       used 34255K, capacity 35404K, committed 35496K, reserved 1079296K
  class space    used 4706K, capacity 5001K, committed 5040K, reserved 1048576K
}
Event: 52.368 GC heap before
{Heap before GC invocations=12 (full 1):
 PSYoungGen      total 102400K, used 10442K [0x00000000d5580000, 0x00000000dc680000, 0x0000000100000000)
  eden space 91136K, 1% used [0x00000000d5580000,0x00000000d573ded8,0x00000000dae80000)
  from space 11264K, 76% used [0x00000000dbb80000,0x00000000dc3f4ae0,0x00000000dc680000)
  to   space 12288K, 0% used [0x00000000dae80000,0x00000000dae80000,0x00000000dba80000)
 ParOldGen       total 47104K, used 7426K [0x0000000080000000, 0x0000000082e00000, 0x00000000d5580000)
  object space 47104K, 15% used [0x0000000080000000,0x0000000080740848,0x0000000082e00000)
 Metaspace       used 34296K, capacity 35404K, committed 35496K, reserved 1079296K
  class space    used 4711K, capacity 5001K, committed 5040K, reserved 1048576K
Event: 52.376 GC heap after
Heap after GC invocations=12 (full 1):
 PSYoungGen      total 103424K, used 192K [0x00000000d5580000, 0x00000000df600000, 0x0000000100000000)
  eden space 91136K, 0% used [0x00000000d5580000,0x00000000d5580000,0x00000000dae80000)
  from space 12288K, 1% used [0x00000000dae80000,0x00000000daeb0000,0x00000000dba80000)
  to   space 12800K, 0% used [0x00000000de980000,0x00000000de980000,0x00000000df600000)
 ParOldGen       total 47104K, used 13345K [0x0000000080000000, 0x0000000082e00000, 0x00000000d5580000)
  object space 47104K, 28% used [0x0000000080000000,0x0000000080d08768,0x0000000082e00000)
 Metaspace       used 34296K, capacity 35404K, committed 35496K, reserved 1079296K
  class space    used 4711K, capacity 5001K, committed 5040K, reserved 1048576K
}
Event: 52.376 GC heap before
{Heap before GC invocations=13 (full 2):
 PSYoungGen      total 103424K, used 192K [0x00000000d5580000, 0x00000000df600000, 0x0000000100000000)
  eden space 91136K, 0% used [0x00000000d5580000,0x00000000d5580000,0x00000000dae80000)
  from space 12288K, 1% used [0x00000000dae80000,0x00000000daeb0000,0x00000000dba80000)
  to   space 12800K, 0% used [0x00000000de980000,0x00000000de980000,0x00000000df600000)
 ParOldGen       total 47104K, used 13345K [0x0000000080000000, 0x0000000082e00000, 0x00000000d5580000)
  object space 47104K, 28% used [0x0000000080000000,0x0000000080d08768,0x0000000082e00000)
 Metaspace       used 34296K, capacity 35404K, committed 35496K, reserved 1079296K
  class space    used 4711K, capacity 5001K, committed 5040K, reserved 1048576K
Event: 52.508 GC heap after
Heap after GC invocations=13 (full 2):
 PSYoungGen      total 103424K, used 0K [0x00000000d5580000, 0x00000000df600000, 0x0000000100000000)
  eden space 91136K, 0% used [0x00000000d5580000,0x00000000d5580000,0x00000000dae80000)
  from space 12288K, 0% used [0x00000000dae80000,0x00000000dae80000,0x00000000dba80000)
  to   space 12800K, 0% used [0x00000000de980000,0x00000000de980000,0x00000000df600000)
 ParOldGen       total 59904K, used 13224K [0x0000000080000000, 0x0000000083a80000, 0x00000000d5580000)
  object space 59904K, 22% used [0x0000000080000000,0x0000000080cea288,0x0000000083a80000)
 Metaspace       used 34296K, capacity 35404K, committed 35496K, reserved 1079296K
  class space    used 4711K, capacity 5001K, committed 5040K, reserved 1048576K
}
Event: 69.317 GC heap before
{Heap before GC invocations=14 (full 2):
 PSYoungGen      total 103424K, used 91136K [0x00000000d5580000, 0x00000000df600000, 0x0000000100000000)
  eden space 91136K, 100% used [0x00000000d5580000,0x00000000dae80000,0x00000000dae80000)
  from space 12288K, 0% used [0x00000000dae80000,0x00000000dae80000,0x00000000dba80000)
  to   space 12800K, 0% used [0x00000000de980000,0x00000000de980000,0x00000000df600000)
 ParOldGen       total 59904K, used 13224K [0x0000000080000000, 0x0000000083a80000, 0x00000000d5580000)
  object space 59904K, 22% used [0x0000000080000000,0x0000000080cea288,0x0000000083a80000)
 Metaspace       used 36843K, capacity 38374K, committed 38440K, reserved 1083392K
  class space    used 5056K, capacity 5366K, committed 5424K, reserved 1048576K
Event: 69.335 GC heap after
Heap after GC invocations=14 (full 2):
 PSYoungGen      total 146432K, used 6771K [0x00000000d5580000, 0x00000000df300000, 0x0000000100000000)
  eden space 136704K, 0% used [0x00000000d5580000,0x00000000d5580000,0x00000000ddb00000)
  from space 9728K, 69% used [0x00000000de980000,0x00000000df01cdd8,0x00000000df300000)
  to   space 12288K, 0% used [0x00000000ddb00000,0x00000000ddb00000,0x00000000de700000)
 ParOldGen       total 59904K, used 13232K [0x0000000080000000, 0x0000000083a80000, 0x00000000d5580000)
  object space 59904K, 22% used [0x0000000080000000,0x0000000080cec288,0x0000000083a80000)
 Metaspace       used 36843K, capacity 38374K, committed 38440K, reserved 1083392K
  class space    used 5056K, capacity 5366K, committed 5424K, reserved 1048576K
}
Event: 119.066 GC heap before
{Heap before GC invocations=15 (full 2):
 PSYoungGen      total 146432K, used 143475K [0x00000000d5580000, 0x00000000df300000, 0x0000000100000000)
  eden space 136704K, 100% used [0x00000000d5580000,0x00000000ddb00000,0x00000000ddb00000)
  from space 9728K, 69% used [0x00000000de980000,0x00000000df01cdd8,0x00000000df300000)
  to   space 12288K, 0% used [0x00000000ddb00000,0x00000000ddb00000,0x00000000de700000)
 ParOldGen       total 59904K, used 13232K [0x0000000080000000, 0x0000000083a80000, 0x00000000d5580000)
  object space 59904K, 22% used [0x0000000080000000,0x0000000080cec288,0x0000000083a80000)
 Metaspace       used 50761K, capacity 52694K, committed 53032K, reserved 1095680K
  class space    used 6771K, capacity 7170K, committed 7216K, reserved 1048576K
Event: 119.107 GC heap after
Heap after GC invocations=15 (full 2):
 PSYoungGen      total 148992K, used 12256K [0x00000000d5580000, 0x00000000e3c80000, 0x0000000100000000)
  eden space 136704K, 0% used [0x00000000d5580000,0x00000000d5580000,0x00000000ddb00000)
  from space 12288K, 99% used [0x00000000ddb00000,0x00000000de6f83f0,0x00000000de700000)
  to   space 17408K, 0% used [0x00000000e2b80000,0x00000000e2b80000,0x00000000e3c80000)
 ParOldGen       total 59904K, used 22610K [0x0000000080000000, 0x0000000083a80000, 0x00000000d5580000)
  object space 59904K, 37% used [0x0000000080000000,0x0000000081614b18,0x0000000083a80000)
 Metaspace       used 50761K, capacity 52694K, committed 53032K, reserved 1095680K
  class space    used 6771K, capacity 7170K, committed 7216K, reserved 1048576K
}

Deoptimization events (10 events):
Event: 134.998 Thread 0x000000001a7b5800 Uncommon trap: reason=unstable_if action=reinterpret pc=0x00000000037d7158 method=sun.misc.MetaIndex.mayContain(Ljava/lang/String;)Z @ 38
Event: 135.120 Thread 0x000000001a7b5800 Uncommon trap: reason=unstable_if action=reinterpret pc=0x000000000351b90c method=java.security.CodeSource.hashCode()I @ 4
Event: 137.554 Thread 0x000000001a7b5800 Uncommon trap: reason=unstable_if action=reinterpret pc=0x00000000034922ac method=java.lang.Class$MethodArray.removeLessSpecifics()V @ 25
Event: 137.561 Thread 0x000000001a7b5800 Uncommon trap: reason=unstable_if action=reinterpret pc=0x00000000034504d4 method=org.codehaus.groovy.runtime.metaclass.MetaMethodIndex.addMethodToList(Ljava/lang/Object;Lgroovy/lang/MetaMethod;)Ljava/lang/Object; @ 256
Event: 137.590 Thread 0x000000001a7b5800 Uncommon trap: reason=class_check action=maybe_recompile pc=0x0000000002ced868 method=java.util.WeakHashMap.eq(Ljava/lang/Object;Ljava/lang/Object;)Z @ 7
Event: 137.945 Thread 0x000000001a7b5800 Uncommon trap: reason=class_check action=maybe_recompile pc=0x0000000002ced868 method=java.util.WeakHashMap.eq(Ljava/lang/Object;Ljava/lang/Object;)Z @ 7
Event: 140.614 Thread 0x000000001a7b5800 Uncommon trap: reason=unstable_if action=reinterpret pc=0x00000000039f24ec method=org.codehaus.groovy.runtime.metaclass.MetaMethodIndex.copyNonPrivateNonNewMetaMethods(Lorg/codehaus/groovy/runtime/metaclass/MetaMethodIndex$Entry;Lorg/codehaus/groovy/runti
Event: 140.632 Thread 0x000000001a7b5800 Uncommon trap: reason=unstable_if action=reinterpret pc=0x000000000382f404 method=java.lang.ClassLoader.checkCerts(Ljava/lang/String;Ljava/security/CodeSource;)V @ 29
Event: 141.175 Thread 0x000000001a7b5800 Uncommon trap: reason=predicate action=maybe_recompile pc=0x0000000003bc4838 method=java.util.AbstractCollection.toArray([Ljava/lang/Object;)[Ljava/lang/Object; @ 49
Event: 141.204 Thread 0x000000001a7b5800 Uncommon trap: reason=unstable_if action=reinterpret pc=0x000000000377fce0 method=org.objectweb.asm.ByteVector.putInt(I)Lorg/objectweb/asm/ByteVector; @ 13

Classes redefined (0 events):
No events

Internal exceptions (10 events):
Event: 140.616 Thread 0x000000001a7b5800 Exception <a 'java/lang/ClassNotFoundException': org/gradle/api/internal/artifacts/configurations/DefaultConfigurationBeanInfo> (0x00000000dbf742d8) thrown at [C:\src\AOSP-openjdk-git\hotspot\src\share\vm\classfile\systemDictionary.cpp, line 210]
Event: 140.617 Thread 0x000000001a7b5800 Exception <a 'java/lang/ClassNotFoundException': org/gradle/api/internal/artifacts/configurations/DefaultConfigurationCustomizer> (0x00000000dbfad988) thrown at [C:\src\AOSP-openjdk-git\hotspot\src\share\vm\classfile\systemDictionary.cpp, line 210]
Event: 140.626 Thread 0x000000001a7b5800 Exception <a 'java/lang/ClassNotFoundException': org/gradle/api/internal/artifacts/configurations/DefaultConfiguration_DecoratedCustomizer> (0x00000000dc05e328) thrown at [C:\src\AOSP-openjdk-git\hotspot\src\share\vm\classfile\systemDictionary.cpp, line 2
Event: 140.632 Thread 0x000000001a7b5800 Implicit null exception at 0x000000000382e7ef to 0x000000000382f3ed
Event: 140.637 Thread 0x000000001a7b5800 Exception <a 'java/lang/ClassNotFoundException': org/codehaus/groovy/runtime/MethodClosureBeanInfo> (0x00000000dc14f728) thrown at [C:\src\AOSP-openjdk-git\hotspot\src\share\vm\classfile\systemDictionary.cpp, line 210]
Event: 140.638 Thread 0x000000001a7b5800 Exception <a 'java/lang/ClassNotFoundException': org/codehaus/groovy/runtime/MethodClosureCustomizer> (0x00000000dc1692f0) thrown at [C:\src\AOSP-openjdk-git\hotspot\src\share\vm\classfile\systemDictionary.cpp, line 210]
Event: 140.641 Thread 0x000000001a7b5800 Exception <a 'java/lang/ClassNotFoundException': org/gradle/api/internal/artifacts/configurations/DefaultConfiguration$ConfigurationResolvableDependencies_DecoratedBeanInfo> (0x00000000dc1f42b8) thrown at [C:\src\AOSP-openjdk-git\hotspot\src\share\vm\clas
Event: 140.643 Thread 0x000000001a7b5800 Exception <a 'java/lang/ClassNotFoundException': org/gradle/api/internal/artifacts/configurations/DefaultConfiguration$ConfigurationResolvableDependenciesBeanInfo> (0x00000000dc23f300) thrown at [C:\src\AOSP-openjdk-git\hotspot\src\share\vm\classfile\syst
Event: 140.644 Thread 0x000000001a7b5800 Exception <a 'java/lang/ClassNotFoundException': org/gradle/api/internal/artifacts/configurations/DefaultConfiguration$ConfigurationResolvableDependenciesCustomizer> (0x00000000dc28c3a8) thrown at [C:\src\AOSP-openjdk-git\hotspot\src\share\vm\classfile\sy
Event: 140.645 Thread 0x000000001a7b5800 Exception <a 'java/lang/ClassNotFoundException': org/gradle/api/internal/artifacts/configurations/DefaultConfiguration$ConfigurationResolvableDependencies_DecoratedCustomizer> (0x00000000dc2f3a90) thrown at [C:\src\AOSP-openjdk-git\hotspot\src\share\vm\cl

Events (10 events):
Event: 141.328 loading class org/gradle/api/internal/lambdas/SerializableLambdas done
Event: 141.328 loading class org/gradle/api/internal/tasks/DefaultTaskOutputs$4
Event: 141.328 loading class org/gradle/api/internal/tasks/DefaultTaskOutputs$4 done
Event: 141.451 loading class org/gradle/api/internal/tasks/execution/SelfDescribingSpec
Event: 141.451 loading class org/gradle/api/internal/tasks/execution/SelfDescribingSpec done
Event: 141.530 loading class org/gradle/api/internal/project/taskfactory/DefaultTaskClassInfoStore$AbstractIncrementalTaskActionFactory
Event: 141.530 loading class org/gradle/api/internal/project/taskfactory/DefaultTaskClassInfoStore$AbstractIncrementalTaskActionFactory done
Event: 141.531 loading class java/util/stream/Collectors$Partition
Event: 141.557 loading class java/util/stream/Collectors$Partition done
Event: 141.558 loading class java/util/stream/Collectors$Partition$1


Dynamic libraries:
0x00007ff7ce610000 - 0x00007ff7ce641000 	C:\Program Files\Android\Android Studio\jre\bin\java.exe
0x00007ffd946d0000 - 0x00007ffd948c5000 	C:\Windows\SYSTEM32\ntdll.dll
0x00007ffd92740000 - 0x00007ffd927fd000 	C:\Windows\System32\KERNEL32.DLL
0x00007ffd920b0000 - 0x00007ffd92378000 	C:\Windows\System32\KERNELBASE.dll
0x00007ffd93040000 - 0x00007ffd930ec000 	C:\Windows\System32\ADVAPI32.dll
0x00007ffd93d30000 - 0x00007ffd93dce000 	C:\Windows\System32\msvcrt.dll
0x00007ffd94110000 - 0x00007ffd941ab000 	C:\Windows\System32\sechost.dll
0x00007ffd93e80000 - 0x00007ffd93fab000 	C:\Windows\System32\RPCRT4.dll
0x00007ffd931a0000 - 0x00007ffd93340000 	C:\Windows\System32\USER32.dll
0x00007ffd92700000 - 0x00007ffd92722000 	C:\Windows\System32\win32u.dll
0x00007ffd93010000 - 0x00007ffd9303a000 	C:\Windows\System32\GDI32.dll
0x00007ffd91e40000 - 0x00007ffd91f4b000 	C:\Windows\System32\gdi32full.dll
0x00007ffd92450000 - 0x00007ffd924ed000 	C:\Windows\System32\msvcp_win.dll
0x00007ffd91f50000 - 0x00007ffd92050000 	C:\Windows\System32\ucrtbase.dll
0x00007ffd75b20000 - 0x00007ffd75dba000 	C:\Windows\WinSxS\amd64_microsoft.windows.common-controls_6595b64144ccf1df_6.0.19041.844_none_ca00b6081b84eb1d\COMCTL32.dll
0x00007ffd92980000 - 0x00007ffd929b0000 	C:\Windows\System32\IMM32.DLL
0x0000000075210000 - 0x00000000752e2000 	C:\Program Files\Android\Android Studio\jre\jre\bin\msvcr100.dll
0x0000000075530000 - 0x0000000075d7b000 	C:\Program Files\Android\Android Studio\jre\jre\bin\server\jvm.dll
0x00007ffd929b0000 - 0x00007ffd929b8000 	C:\Windows\System32\PSAPI.DLL
0x00007ffd8da20000 - 0x00007ffd8da29000 	C:\Windows\SYSTEM32\WSOCK32.dll
0x00007ffd941b0000 - 0x00007ffd9421b000 	C:\Windows\System32\WS2_32.dll
0x00007ffd758b0000 - 0x00007ffd758d7000 	C:\Windows\SYSTEM32\WINMM.dll
0x00007ffd84b90000 - 0x00007ffd84b9a000 	C:\Windows\SYSTEM32\VERSION.dll
0x00007ffd8da10000 - 0x00007ffd8da1f000 	C:\Program Files\Android\Android Studio\jre\jre\bin\verify.dll
0x00007ffd8aed0000 - 0x00007ffd8aef9000 	C:\Program Files\Android\Android Studio\jre\jre\bin\java.dll
0x00007ffd76f40000 - 0x00007ffd76f56000 	C:\Program Files\Android\Android Studio\jre\jre\bin\zip.dll
0x00007ffd935e0000 - 0x00007ffd93d22000 	C:\Windows\System32\SHELL32.dll
0x00007ffd8ff50000 - 0x00007ffd906e1000 	C:\Windows\SYSTEM32\windows.storage.dll
0x00007ffd92bd0000 - 0x00007ffd92f25000 	C:\Windows\System32\combase.dll
0x00007ffd91880000 - 0x00007ffd918ac000 	C:\Windows\SYSTEM32\Wldp.dll
0x00007ffd930f0000 - 0x00007ffd9319e000 	C:\Windows\System32\SHCORE.dll
0x00007ffd92fb0000 - 0x00007ffd93005000 	C:\Windows\System32\shlwapi.dll
0x00007ffd91d50000 - 0x00007ffd91d6f000 	C:\Windows\SYSTEM32\profapi.dll
0x00007ffd6d830000 - 0x00007ffd6d84a000 	C:\Program Files\Android\Android Studio\jre\jre\bin\net.dll
0x00007ffd915f0000 - 0x00007ffd9165a000 	C:\Windows\system32\mswsock.dll
0x00007ffd62ef0000 - 0x00007ffd62f03000 	C:\Program Files\Android\Android Studio\jre\jre\bin\nio.dll
0x00007ffd8d3f0000 - 0x00007ffd8d417000 	C:\Users\hp\.gradle\native\f6784746aeab05261644944871eae4fe03e0ef1612fff0a4a95f87b438bc6780\windows-amd64\native-platform.dll
0x00007ffd8cc40000 - 0x00007ffd8cc4d000 	C:\Program Files\Android\Android Studio\jre\jre\bin\management.dll
0x00007ffd917c0000 - 0x00007ffd917d8000 	C:\Windows\SYSTEM32\CRYPTSP.dll
0x00007ffd90f20000 - 0x00007ffd90f54000 	C:\Windows\system32\rsaenh.dll
0x00007ffd91e10000 - 0x00007ffd91e37000 	C:\Windows\System32\bcrypt.dll
0x00007ffd91d10000 - 0x00007ffd91d3e000 	C:\Windows\SYSTEM32\USERENV.dll
0x00007ffd923d0000 - 0x00007ffd92450000 	C:\Windows\System32\bcryptprimitives.dll
0x00007ffd917e0000 - 0x00007ffd917ec000 	C:\Windows\SYSTEM32\CRYPTBASE.dll
0x00007ffd91290000 - 0x00007ffd912cb000 	C:\Windows\SYSTEM32\IPHLPAPI.DLL
0x00007ffd935d0000 - 0x00007ffd935d8000 	C:\Windows\System32\NSI.dll
0x00007ffd87190000 - 0x00007ffd871a7000 	C:\Windows\SYSTEM32\dhcpcsvc6.DLL
0x00007ffd87170000 - 0x00007ffd8718d000 	C:\Windows\SYSTEM32\dhcpcsvc.DLL
0x00007ffd912d0000 - 0x00007ffd9139c000 	C:\Windows\SYSTEM32\DNSAPI.dll
0x00007ffd871c0000 - 0x00007ffd871cb000 	C:\Windows\SYSTEM32\WINNSI.DLL

VM Arguments:
jvm_args: -Xmx2048m -Dfile.encoding=UTF-8 -Duser.country=US -Duser.language=en -Duser.variant 
java_command: org.gradle.launcher.daemon.bootstrap.GradleDaemon 6.5
java_class_path (initial): C:\Users\hp\.gradle\wrapper\dists\gradle-6.5-all\2oz4ud9k3tuxjg84bbf55q0tn\gradle-6.5\lib\gradle-launcher-6.5.jar
Launcher Type: SUN_STANDARD

Environment Variables:
PATH=C:\Program Files\Common Files\Oracle\Java\javapath;C:\Program Files (x86)\Common Files\Oracle\Java\javapath;C:\Windows\system32;C:\Windows;C:\Windows\System32\Wbem;C:\Windows\System32\WindowsPowerShell\v1.0\;C:\Windows\System32\OpenSSH\;C:\Program Files\Microsoft SQL Server\Client SDK\ODBC\170\Tools\Binn\;C:\Program Files (x86)\Microsoft SQL Server\150\Tools\Binn\;C:\Program Files\Microsoft SQL Server\150\Tools\Binn\;C:\Program Files\Microsoft SQL Server\150\DTS\Binn\;C:\Program Files (x86)\Microsoft SQL Server\150\DTS\Binn\;C:\Program Files\Azure Data Studio\bin;C:\Program Files\MySQL\MySQL Shell 8.0\bin\;C:\Users\hp\AppData\Local\Microsoft\WindowsApps;;C:\Program Files\Azure Data Studio\bin
USERNAME=hp
OS=Windows_NT
PROCESSOR_IDENTIFIER=Intel64 Family 6 Model 42 Stepping 7, GenuineIntel



---------------  S Y S T E M  ---------------

OS: Windows 10.0 , 64 bit Build 19041 (10.0.19041.928)

CPU:total 4 (initial active 4) (2 cores per cpu, 2 threads per core) family 6 model 42 stepping 7, cmov, cx8, fxsr, mmx, sse, sse2, sse3, ssse3, sse4.1, sse4.2, popcnt, avx, aes, clmul, ht, tsc, tscinvbit

Memory: 4k page, physical 8295060k(304100k free), swap 27423072k(12888k free)

vm_info: OpenJDK 64-Bit Server VM (25.242-b01) for windows-amd64 JRE (1.8.0_242-release-1644-b01), built by "builder" with MS VC++ 10.0 (VS2010)

time: Tue May 18 15:45:56 2021
timezone: Morocco Daylight Time
elapsed time: 141 seconds (0d 0h 2m 21s)

