#
# There is insufficient memory for the Java Runtime Environment to continue.
# Native memory allocation (malloc) failed to allocate 32744 bytes for ChunkPool::allocate
# Possible reasons:
#   The system is out of physical RAM or swap space
#   The process is running with CompressedOops enabled, and the Java Heap may be blocking the growth of the native heap
# Possible solutions:
#   Reduce memory load on the system
#   Increase physical memory or swap space
#   Check if swap backing store is full
#   Decrease Java heap size (-Xmx/-Xms)
#   Decrease number of Java threads
#   Decrease Java thread stack sizes (-Xss)
#   Set larger code cache with -XX:ReservedCodeCacheSize=
#   JVM is running with Unscaled Compressed Oops mode in which the Java heap is
#     placed in the first 4GB address space. The Java Heap base address is the
#     maximum limit for the native heap growth. Please use -XX:HeapBaseMinAddress
#     to set the Java Heap base and to place the Java Heap above 4GB virtual address.
# This output file may be truncated or incomplete.
#
#  Out of Memory Error (allocation.cpp:272), pid=19064, tid=0x0000000000004038
#
# JRE version: OpenJDK Runtime Environment (8.0_242-b01) (build 1.8.0_242-release-1644-b01)
# Java VM: OpenJDK 64-Bit Server VM (25.242-b01 mixed mode windows-amd64 compressed oops)
# Failed to write core dump. Minidumps are not enabled by default on client versions of Windows
#

---------------  T H R E A D  ---------------

Current thread (0x000000001a853800):  JavaThread "Daemon worker" [_thread_in_vm, id=16440, stack(0x000000001d730000,0x000000001d830000)]

Stack: [0x000000001d730000,0x000000001d830000]
[error occurred during error reporting (printing stack bounds), id 0xc0000005]

Native frames: (J=compiled Java code, j=interpreted, Vv=VM code, C=native code)

Java frames: (J=compiled Java code, j=interpreted, Vv=VM code)
j  com.sun.xml.bind.v2.util.QNameMap.addEntry(ILjava/lang/String;Ljava/lang/String;Ljava/lang/Object;I)V+56
j  com.sun.xml.bind.v2.util.QNameMap.put(Ljava/lang/String;Ljava/lang/String;Ljava/lang/Object;)V+165
j  com.sun.xml.bind.v2.runtime.NameBuilder.allocIndex(Lcom/sun/xml/bind/v2/util/QNameMap;Ljava/lang/String;Ljava/lang/String;)I+30
j  com.sun.xml.bind.v2.runtime.NameBuilder.createName(Ljava/lang/String;Ljava/lang/String;ZLcom/sun/xml/bind/v2/util/QNameMap;)Lcom/sun/xml/bind/v2/runtime/Name;+53
j  com.sun.xml.bind.v2.runtime.NameBuilder.createElementName(Ljava/lang/String;Ljava/lang/String;)Lcom/sun/xml/bind/v2/runtime/Name;+8
j  com.sun.xml.bind.v2.runtime.NameBuilder.createElementName(Ljavax/xml/namespace/QName;)Lcom/sun/xml/bind/v2/runtime/Name;+9
j  com.sun.xml.bind.v2.runtime.property.SingleElementNodeProperty.<init>(Lcom/sun/xml/bind/v2/runtime/JAXBContextImpl;Lcom/sun/xml/bind/v2/model/runtime/RuntimeElementPropertyInfo;)V+190
v  ~StubRoutines::call_stub
J 2649  sun.reflect.NativeConstructorAccessorImpl.newInstance0(Ljava/lang/reflect/Constructor;[Ljava/lang/Object;)Ljava/lang/Object; (0 bytes) @ 0x0000000003ced8e6 [0x0000000003ced880+0x66]
J 2648 C1 sun.reflect.NativeConstructorAccessorImpl.newInstance([Ljava/lang/Object;)Ljava/lang/Object; (89 bytes) @ 0x0000000003cf7954 [0x0000000003cf6900+0x1054]
J 2112 C1 sun.reflect.DelegatingConstructorAccessorImpl.newInstance([Ljava/lang/Object;)Ljava/lang/Object; (9 bytes) @ 0x0000000003aab204 [0x0000000003aab100+0x104]
J 1997 C1 java.lang.reflect.Constructor.newInstance([Ljava/lang/Object;)Ljava/lang/Object; (87 bytes) @ 0x0000000003a6934c [0x0000000003a68e80+0x4cc]
j  com.sun.xml.bind.v2.runtime.property.PropertyFactory.create(Lcom/sun/xml/bind/v2/runtime/JAXBContextImpl;Lcom/sun/xml/bind/v2/model/runtime/RuntimePropertyInfo;)Lcom/sun/xml/bind/v2/runtime/property/Property;+175
j  com.sun.xml.bind.v2.runtime.ClassBeanInfoImpl.<init>(Lcom/sun/xml/bind/v2/runtime/JAXBContextImpl;Lcom/sun/xml/bind/v2/model/runtime/RuntimeClassInfo;)V+300
j  com.sun.xml.bind.v2.runtime.JAXBContextImpl.getOrCreate(Lcom/sun/xml/bind/v2/model/runtime/RuntimeClassInfo;)Lcom/sun/xml/bind/v2/runtime/ClassBeanInfoImpl;+26
j  com.sun.xml.bind.v2.runtime.JAXBContextImpl.getOrCreate(Lcom/sun/xml/bind/v2/model/runtime/RuntimeTypeInfo;)Lcom/sun/xml/bind/v2/runtime/JaxBeanInfo;+28
j  com.sun.xml.bind.v2.runtime.property.ArrayElementProperty.<init>(Lcom/sun/xml/bind/v2/runtime/JAXBContextImpl;Lcom/sun/xml/bind/v2/model/runtime/RuntimeElementPropertyInfo;)V+133
j  com.sun.xml.bind.v2.runtime.property.ArrayElementNodeProperty.<init>(Lcom/sun/xml/bind/v2/runtime/JAXBContextImpl;Lcom/sun/xml/bind/v2/model/runtime/RuntimeElementPropertyInfo;)V+3
v  ~StubRoutines::call_stub
J 2649  sun.reflect.NativeConstructorAccessorImpl.newInstance0(Ljava/lang/reflect/Constructor;[Ljava/lang/Object;)Ljava/lang/Object; (0 bytes) @ 0x0000000003ced8e6 [0x0000000003ced880+0x66]
J 2648 C1 sun.reflect.NativeConstructorAccessorImpl.newInstance([Ljava/lang/Object;)Ljava/lang/Object; (89 bytes) @ 0x0000000003cf7954 [0x0000000003cf6900+0x1054]
J 2112 C1 sun.reflect.DelegatingConstructorAccessorImpl.newInstance([Ljava/lang/Object;)Ljava/lang/Object; (9 bytes) @ 0x0000000003aab204 [0x0000000003aab100+0x104]
J 1997 C1 java.lang.reflect.Constructor.newInstance([Ljava/lang/Object;)Ljava/lang/Object; (87 bytes) @ 0x0000000003a6934c [0x0000000003a68e80+0x4cc]
j  com.sun.xml.bind.v2.runtime.property.PropertyFactory.create(Lcom/sun/xml/bind/v2/runtime/JAXBContextImpl;Lcom/sun/xml/bind/v2/model/runtime/RuntimePropertyInfo;)Lcom/sun/xml/bind/v2/runtime/property/Property;+175
j  com.sun.xml.bind.v2.runtime.ClassBeanInfoImpl.<init>(Lcom/sun/xml/bind/v2/runtime/JAXBContextImpl;Lcom/sun/xml/bind/v2/model/runtime/RuntimeClassInfo;)V+300
j  com.sun.xml.bind.v2.runtime.JAXBContextImpl.getOrCreate(Lcom/sun/xml/bind/v2/model/runtime/RuntimeClassInfo;)Lcom/sun/xml/bind/v2/runtime/ClassBeanInfoImpl;+26
j  com.sun.xml.bind.v2.runtime.JAXBContextImpl.getOrCreate(Lcom/sun/xml/bind/v2/model/runtime/RuntimeTypeInfo;)Lcom/sun/xml/bind/v2/runtime/JaxBeanInfo;+28
j  com.sun.xml.bind.v2.runtime.property.SingleElementNodeProperty.<init>(Lcom/sun/xml/bind/v2/runtime/JAXBContextImpl;Lcom/sun/xml/bind/v2/model/runtime/RuntimeElementPropertyInfo;)V+149
v  ~StubRoutines::call_stub
J 2649  sun.reflect.NativeConstructorAccessorImpl.newInstance0(Ljava/lang/reflect/Constructor;[Ljava/lang/Object;)Ljava/lang/Object; (0 bytes) @ 0x0000000003ced8e6 [0x0000000003ced880+0x66]
J 2648 C1 sun.reflect.NativeConstructorAccessorImpl.newInstance([Ljava/lang/Object;)Ljava/lang/Object; (89 bytes) @ 0x0000000003cf7954 [0x0000000003cf6900+0x1054]
J 2112 C1 sun.reflect.DelegatingConstructorAccessorImpl.newInstance([Ljava/lang/Object;)Ljava/lang/Object; (9 bytes) @ 0x0000000003aab204 [0x0000000003aab100+0x104]
J 1997 C1 java.lang.reflect.Constructor.newInstance([Ljava/lang/Object;)Ljava/lang/Object; (87 bytes) @ 0x0000000003a6934c [0x0000000003a68e80+0x4cc]
j  com.sun.xml.bind.v2.runtime.property.PropertyFactory.create(Lcom/sun/xml/bind/v2/runtime/JAXBContextImpl;Lcom/sun/xml/bind/v2/model/runtime/RuntimePropertyInfo;)Lcom/sun/xml/bind/v2/runtime/property/Property;+175
j  com.sun.xml.bind.v2.runtime.ClassBeanInfoImpl.<init>(Lcom/sun/xml/bind/v2/runtime/JAXBContextImpl;Lcom/sun/xml/bind/v2/model/runtime/RuntimeClassInfo;)V+300
j  com.sun.xml.bind.v2.runtime.JAXBContextImpl.getOrCreate(Lcom/sun/xml/bind/v2/model/runtime/RuntimeClassInfo;)Lcom/sun/xml/bind/v2/runtime/ClassBeanInfoImpl;+26
j  com.sun.xml.bind.v2.runtime.JAXBContextImpl.getOrCreate(Lcom/sun/xml/bind/v2/model/runtime/RuntimeTypeInfo;)Lcom/sun/xml/bind/v2/runtime/JaxBeanInfo;+28
j  com.sun.xml.bind.v2.runtime.property.ArrayElementProperty.<init>(Lcom/sun/xml/bind/v2/runtime/JAXBContextImpl;Lcom/sun/xml/bind/v2/model/runtime/RuntimeElementPropertyInfo;)V+133
j  com.sun.xml.bind.v2.runtime.property.ArrayElementNodeProperty.<init>(Lcom/sun/xml/bind/v2/runtime/JAXBContextImpl;Lcom/sun/xml/bind/v2/model/runtime/RuntimeElementPropertyInfo;)V+3
v  ~StubRoutines::call_stub
J 2649  sun.reflect.NativeConstructorAccessorImpl.newInstance0(Ljava/lang/reflect/Constructor;[Ljava/lang/Object;)Ljava/lang/Object; (0 bytes) @ 0x0000000003ced8e6 [0x0000000003ced880+0x66]
J 2648 C1 sun.reflect.NativeConstructorAccessorImpl.newInstance([Ljava/lang/Object;)Ljava/lang/Object; (89 bytes) @ 0x0000000003cf7954 [0x0000000003cf6900+0x1054]
J 2112 C1 sun.reflect.DelegatingConstructorAccessorImpl.newInstance([Ljava/lang/Object;)Ljava/lang/Object; (9 bytes) @ 0x0000000003aab204 [0x0000000003aab100+0x104]
J 1997 C1 java.lang.reflect.Constructor.newInstance([Ljava/lang/Object;)Ljava/lang/Object; (87 bytes) @ 0x0000000003a6934c [0x0000000003a68e80+0x4cc]
j  com.sun.xml.bind.v2.runtime.property.PropertyFactory.create(Lcom/sun/xml/bind/v2/runtime/JAXBContextImpl;Lcom/sun/xml/bind/v2/model/runtime/RuntimePropertyInfo;)Lcom/sun/xml/bind/v2/runtime/property/Property;+175
j  com.sun.xml.bind.v2.runtime.ClassBeanInfoImpl.<init>(Lcom/sun/xml/bind/v2/runtime/JAXBContextImpl;Lcom/sun/xml/bind/v2/model/runtime/RuntimeClassInfo;)V+300
j  com.sun.xml.bind.v2.runtime.JAXBContextImpl.getOrCreate(Lcom/sun/xml/bind/v2/model/runtime/RuntimeClassInfo;)Lcom/sun/xml/bind/v2/runtime/ClassBeanInfoImpl;+26
j  com.sun.xml.bind.v2.runtime.JAXBContextImpl.<init>(Lcom/sun/xml/bind/v2/runtime/JAXBContextImpl$JAXBContextBuilder;)V+674
j  com.sun.xml.bind.v2.runtime.JAXBContextImpl.<init>(Lcom/sun/xml/bind/v2/runtime/JAXBContextImpl$JAXBContextBuilder;Lcom/sun/xml/bind/v2/runtime/JAXBContextImpl$1;)V+2
j  com.sun.xml.bind.v2.runtime.JAXBContextImpl$JAXBContextBuilder.build()Lcom/sun/xml/bind/v2/runtime/JAXBContextImpl;+65
j  com.sun.xml.bind.v2.ContextFactory.createContext([Ljava/lang/Class;Ljava/util/Map;)Ljavax/xml/bind/JAXBContext;+504
j  com.sun.xml.bind.v2.ContextFactory.createContext(Ljava/lang/String;Ljava/lang/ClassLoader;Ljava/util/Map;)Ljavax/xml/bind/JAXBContext;+171
v  ~StubRoutines::call_stub
J 1882  sun.reflect.NativeMethodAccessorImpl.invoke0(Ljava/lang/reflect/Method;Ljava/lang/Object;[Ljava/lang/Object;)Ljava/lang/Object; (0 bytes) @ 0x00000000039f4c3f [0x00000000039f4bc0+0x7f]
J 1881 C1 sun.reflect.NativeMethodAccessorImpl.invoke(Ljava/lang/Object;[Ljava/lang/Object;)Ljava/lang/Object; (104 bytes) @ 0x00000000039f9ce4 [0x00000000039f8b40+0x11a4]
J 1261 C1 sun.reflect.DelegatingMethodAccessorImpl.invoke(Ljava/lang/Object;[Ljava/lang/Object;)Ljava/lang/Object; (10 bytes) @ 0x000000000381f5c4 [0x000000000381f4c0+0x104]
J 1260 C1 java.lang.reflect.Method.invoke(Ljava/lang/Object;[Ljava/lang/Object;)Ljava/lang/Object; (62 bytes) @ 0x000000000381ecac [0x000000000381e8c0+0x3ec]
j  javax.xml.bind.ContextFinder.newInstance(Ljava/lang/String;Ljava/lang/Class;Ljava/lang/ClassLoader;Ljava/util/Map;)Ljavax/xml/bind/JAXBContext;+49
j  javax.xml.bind.ContextFinder.newInstance(Ljava/lang/String;Ljava/lang/String;Ljava/lang/ClassLoader;Ljava/util/Map;)Ljavax/xml/bind/JAXBContext;+12
j  javax.xml.bind.ContextFinder.find(Ljava/lang/String;Ljava/lang/String;Ljava/lang/ClassLoader;Ljava/util/Map;)Ljavax/xml/bind/JAXBContext;+344
j  javax.xml.bind.JAXBContext.newInstance(Ljava/lang/String;Ljava/lang/ClassLoader;Ljava/util/Map;)Ljavax/xml/bind/JAXBContext;+5
j  javax.xml.bind.JAXBContext.newInstance(Ljava/lang/String;Ljava/lang/ClassLoader;)Ljavax/xml/bind/JAXBContext;+5
j  com.android.repository.impl.meta.SchemaModuleUtil.getContext(Ljava/util/Collection;)Ljavax/xml/bind/JAXBContext;+125
j  com.android.repository.impl.meta.SchemaModuleUtil.setupUnmarshaller(Ljava/util/Collection;ZLcom/android/repository/api/ProgressIndicator;)Ljavax/xml/bind/Unmarshaller;+1
j  com.android.repository.impl.meta.SchemaModuleUtil.unmarshal(Ljava/io/InputStream;Ljava/util/Collection;ZLcom/android/repository/api/ProgressIndicator;)Ljava/lang/Object;+3
j  com.android.build.gradle.internal.SdkParsingUtilsKt.parsePackage(Ljava/io/File;)Lcom/android/repository/api/LocalPackage;+48
j  com.android.build.gradle.internal.SdkParsingUtilsKt.buildBuildTools(Ljava/io/File;Lcom/android/repository/Revision;)Lcom/android/sdklib/BuildToolInfo;+45
j  com.android.build.gradle.internal.SdkDirectLoadingStrategy.loadSdkComponents(Ljava/lang/String;Lcom/android/repository/Revision;)Lcom/android/build/gradle/internal/SdkDirectLoadingStrategy$DirectLoadComponents;+91
j  com.android.build.gradle.internal.SdkDirectLoadingStrategy.init()Lcom/android/build/gradle/internal/SdkDirectLoadingStrategy$DirectLoadComponents;+94
j  com.android.build.gradle.internal.SdkDirectLoadingStrategy.access$init(Lcom/android/build/gradle/internal/SdkDirectLoadingStrategy;)Lcom/android/build/gradle/internal/SdkDirectLoadingStrategy$DirectLoadComponents;+1
j  com.android.build.gradle.internal.SdkDirectLoadingStrategy$components$2.invoke()Lcom/android/build/gradle/internal/SdkDirectLoadingStrategy$DirectLoadComponents;+4
j  com.android.build.gradle.internal.SdkDirectLoadingStrategy$components$2.invoke()Ljava/lang/Object;+1
j  kotlin.SynchronizedLazyImpl.getValue()Ljava/lang/Object;+60
j  com.android.build.gradle.internal.SdkDirectLoadingStrategy.getComponents()Lcom/android/build/gradle/internal/SdkDirectLoadingStrategy$DirectLoadComponents;+13
j  com.android.build.gradle.internal.SdkDirectLoadingStrategy.loadedSuccessfully()Z+1
j  com.android.build.gradle.internal.SdkLoadingStrategy.getTargetBootClasspath()Ljava/util/List;+4
j  com.android.build.gradle.internal.SdkComponentsBuildService$targetBootClasspathProvider$1.call()Ljava/util/List;+7
j  com.android.build.gradle.internal.SdkComponentsBuildService$targetBootClasspathProvider$1.call()Ljava/lang/Object;+1
j  org.gradle.api.internal.provider.DefaultProvider.calculateOwnValue(Lorg/gradle/api/internal/provider/ValueSupplier$ValueConsumer;)Lorg/gradle/api/internal/provider/ValueSupplier$Value;+4
J 5605 C1 org.gradle.api.internal.provider.AbstractMinimalProvider.calculateValue(Lorg/gradle/api/internal/provider/ValueSupplier$ValueConsumer;)Lorg/gradle/api/internal/provider/ValueSupplier$Value; (15 bytes) @ 0x0000000003d3a56c [0x0000000003d3a460+0x10c]
j  org.gradle.api.internal.provider.FlatMapProvider.calculateOwnValue(Lorg/gradle/api/internal/provider/ValueSupplier$ValueConsumer;)Lorg/gradle/api/internal/provider/ValueSupplier$Value;+38
J 5605 C1 org.gradle.api.internal.provider.AbstractMinimalProvider.calculateValue(Lorg/gradle/api/internal/provider/ValueSupplier$ValueConsumer;)Lorg/gradle/api/internal/provider/ValueSupplier$Value; (15 bytes) @ 0x0000000003d3a56c [0x0000000003d3a460+0x10c]
j  org.gradle.api.internal.provider.TransformBackedProvider.calculateOwnValue(Lorg/gradle/api/internal/provider/ValueSupplier$ValueConsumer;)Lorg/gradle/api/internal/provider/ValueSupplier$Value;+9
j  org.gradle.api.internal.provider.AbstractMinimalProvider.get()Ljava/lang/Object;+4
j  com.android.build.gradle.internal.scope.GlobalScope.lambda$getBootClasspath$8()Ljava/util/List;+9
j  com.android.build.gradle.internal.scope.GlobalScope$$Lambda$424.call()Ljava/lang/Object;+4
j  org.gradle.api.internal.provider.DefaultProvider.calculateOwnValue(Lorg/gradle/api/internal/provider/ValueSupplier$ValueConsumer;)Lorg/gradle/api/internal/provider/ValueSupplier$Value;+4
j  org.gradle.api.internal.provider.AbstractMinimalProvider.get()Ljava/lang/Object;+4
j  org.gradle.api.internal.file.collections.UnpackingVisitor.add(Ljava/lang/Object;)V+65
j  org.gradle.api.internal.file.collections.DefaultConfigurableFileCollection$UnresolvedItemsCollector.visitContents(Lorg/gradle/api/internal/file/collections/FileCollectionResolveContext;)V+43
j  org.gradle.api.internal.file.collections.DefaultConfigurableFileCollection.visitContents(Lorg/gradle/api/internal/file/collections/FileCollectionResolveContext;)V+131
j  org.gradle.api.internal.file.CompositeFileCollection.visitDependencies(Lorg/gradle/api/internal/tasks/TaskDependencyResolveContext;)V+11
j  org.gradle.api.internal.file.collections.DefaultConfigurableFileCollection.visitDependencies(Lorg/gradle/api/internal/tasks/TaskDependencyResolveContext;)V+12
j  org.gradle.api.internal.tasks.CachingTaskDependencyResolveContext$TaskGraphImpl.getNodeValues(Ljava/lang/Object;Ljava/util/Collection;Ljava/util/Collection;)V+31
j  org.gradle.internal.graph.CachingDirectedGraphWalker$GraphWithEmptyEdges.getNodeValues(Ljava/lang/Object;Ljava/util/Collection;Ljava/util/Collection;)V+7
j  org.gradle.internal.graph.CachingDirectedGraphWalker.doSearch()Ljava/util/Set;+174
j  org.gradle.internal.graph.CachingDirectedGraphWalker.findValues()Ljava/util/Set;+1
j  org.gradle.api.internal.tasks.CachingTaskDependencyResolveContext.getDependencies(Lorg/gradle/api/Task;Ljava/lang/Object;)Ljava/util/Set;+40
j  org.gradle.execution.plan.TaskDependencyResolver.resolveDependenciesFor(Lorg/gradle/api/internal/TaskInternal;Ljava/lang/Object;)Ljava/util/Set;+6
j  org.gradle.execution.plan.LocalTaskNode.getDependencies(Lorg/gradle/execution/plan/TaskDependencyResolver;)Ljava/util/Set;+14
j  org.gradle.execution.plan.LocalTaskNode.resolveDependencies(Lorg/gradle/execution/plan/TaskDependencyResolver;Lorg/gradle/api/Action;)V+2
j  org.gradle.execution.plan.DefaultExecutionPlan.doAddNodes(Ljava/util/Deque;)V+128
j  org.gradle.execution.plan.DefaultExecutionPlan.addEntryTasks(Ljava/util/Collection;)V+124
j  org.gradle.execution.taskgraph.DefaultTaskExecutionGraph.addEntryTasks(Ljava/lang/Iterable;)V+89
j  org.gradle.execution.TaskNameResolvingBuildConfigurationAction.configure(Lorg/gradle/execution/BuildExecutionContext;)V+124
j  org.gradle.execution.DefaultBuildConfigurationActionExecuter.configure(Ljava/util/List;Lorg/gradle/api/internal/GradleInternal;I)V+32
j  org.gradle.execution.DefaultBuildConfigurationActionExecuter.access$200(Lorg/gradle/execution/DefaultBuildConfigurationActionExecuter;Ljava/util/List;Lorg/gradle/api/internal/GradleInternal;I)V+4
j  org.gradle.execution.DefaultBuildConfigurationActionExecuter$2.proceed()V+18
j  org.gradle.execution.DefaultTasksBuildExecutionAction.configure(Lorg/gradle/execution/BuildExecutionContext;)V+58
j  org.gradle.execution.DefaultBuildConfigurationActionExecuter.configure(Ljava/util/List;Lorg/gradle/api/internal/GradleInternal;I)V+32
j  org.gradle.execution.DefaultBuildConfigurationActionExecuter.access$200(Lorg/gradle/execution/DefaultBuildConfigurationActionExecuter;Ljava/util/List;Lorg/gradle/api/internal/GradleInternal;I)V+4
j  org.gradle.execution.DefaultBuildConfigurationActionExecuter$2.proceed()V+18
j  org.gradle.execution.ExcludedTaskFilteringBuildConfigurationAction.configure(Lorg/gradle/execution/BuildExecutionContext;)V+102
j  org.gradle.execution.DefaultBuildConfigurationActionExecuter.configure(Ljava/util/List;Lorg/gradle/api/internal/GradleInternal;I)V+32
j  org.gradle.execution.DefaultBuildConfigurationActionExecuter.access$200(Lorg/gradle/execution/DefaultBuildConfigurationActionExecuter;Ljava/util/List;Lorg/gradle/api/internal/GradleInternal;I)V+4
j  org.gradle.execution.DefaultBuildConfigurationActionExecuter$1.run()V+40
j  org.gradle.internal.Factories$1.create()Ljava/lang/Object;+4
j  org.gradle.api.internal.project.DefaultProjectStateRegistry.withLenientState(Lorg/gradle/internal/Factory;)Ljava/lang/Object;+21
j  org.gradle.api.internal.project.DefaultProjectStateRegistry.withLenientState(Ljava/lang/Runnable;)V+5
j  org.gradle.execution.DefaultBuildConfigurationActionExecuter.select(Lorg/gradle/api/internal/GradleInternal;)V+13
j  org.gradle.initialization.DefaultTaskExecutionPreparer.prepareForTaskExecution(Lorg/gradle/api/internal/GradleInternal;)V+5
j  org.gradle.initialization.BuildOperatingFiringTaskExecutionPreparer$CalculateTaskGraph.populateTaskGraph()Lorg/gradle/execution/taskgraph/TaskExecutionGraphInternal;+11
j  org.gradle.initialization.BuildOperatingFiringTaskExecutionPreparer$CalculateTaskGraph.run(Lorg/gradle/internal/operations/BuildOperationContext;)V+1
J 4456 C1 org.gradle.internal.operations.DefaultBuildOperationExecutor$RunnableBuildOperationWorker.execute(Lorg/gradle/internal/operations/BuildOperation;Lorg/gradle/internal/operations/BuildOperationContext;)V (10 bytes) @ 0x00000000040ed6e4 [0x00000000040ed480+0x264]
J 5173 C1 org.gradle.internal.operations.DefaultBuildOperationExecutor$1.execute(Lorg/gradle/internal/operations/BuildOperationDescriptor;Lorg/gradle/internal/operations/DefaultBuildOperationExecutor$DefaultBuildOperationContext;Lorg/gradle/internal/operations/DefaultBuildOperationExecutor$BuildOperationExecutionListener;)Lorg/gradle/internal/operations/BuildOperation; (82 bytes) @ 0x0000000003676674 [0x0000000003676500+0x174]
J 5086 C1 org.gradle.internal.operations.DefaultBuildOperationExecutor.execute(Lorg/gradle/internal/operations/BuildOperationDescriptor$Builder;Lorg/gradle/internal/operations/DefaultBuildOperationExecutor$BuildOperationState;Lorg/gradle/internal/operations/DefaultBuildOperationExecutor$BuildOperationExecution;)Lorg/gradle/internal/operations/BuildOperation; (111 bytes) @ 0x0000000004355eec [0x0000000004354f80+0xf6c]
J 4987 C1 org.gradle.internal.operations.DefaultBuildOperationExecutor.run(Lorg/gradle/internal/operations/RunnableBuildOperation;)V (28 bytes) @ 0x00000000042da77c [0x00000000042da180+0x5fc]
j  org.gradle.internal.operations.DelegatingBuildOperationExecutor.run(Lorg/gradle/internal/operations/RunnableBuildOperation;)V+5
j  org.gradle.initialization.BuildOperatingFiringTaskExecutionPreparer.prepareForTaskExecution(Lorg/gradle/api/internal/GradleInternal;)V+13
j  org.gradle.initialization.DefaultGradleLauncher.prepareTaskExecution()V+18
j  org.gradle.initialization.DefaultGradleLauncher.doClassicBuildStages(Lorg/gradle/initialization/DefaultGradleLauncher$Stage;)V+41
j  org.gradle.initialization.DefaultGradleLauncher.doBuildStages(Lorg/gradle/initialization/DefaultGradleLauncher$Stage;)V+45
j  org.gradle.initialization.DefaultGradleLauncher.executeTasks()Lorg/gradle/api/internal/GradleInternal;+4
j  org.gradle.internal.invocation.GradleBuildController$$Lambda$54.execute(Ljava/lang/Object;)V+4
j  org.gradle.internal.invocation.GradleBuildController$1.create()Lorg/gradle/api/internal/GradleInternal;+31
j  org.gradle.internal.invocation.GradleBuildController$1.create()Ljava/lang/Object;+1
j  org.gradle.internal.work.DefaultWorkerLeaseService.withLocks(Ljava/lang/Iterable;Lorg/gradle/internal/Factory;)Ljava/lang/Object;+26
j  org.gradle.internal.work.StopShieldingWorkerLeaseService.withLocks(Ljava/lang/Iterable;Lorg/gradle/internal/Factory;)Ljava/lang/Object;+6
j  org.gradle.internal.invocation.GradleBuildController.doBuild(Lorg/gradle/api/internal/GradleInternal$BuildType;Lorg/gradle/api/Action;)Lorg/gradle/api/internal/GradleInternal;+26
j  org.gradle.internal.invocation.GradleBuildController.run()Lorg/gradle/api/internal/GradleInternal;+9
j  org.gradle.tooling.internal.provider.runner.BuildModelActionRunner.run(Lorg/gradle/internal/invocation/BuildAction;Lorg/gradle/internal/invocation/BuildController;)Lorg/gradle/internal/invocation/BuildActionRunner$Result;+78
j  org.gradle.launcher.exec.ChainingBuildActionRunner.run(Lorg/gradle/internal/invocation/BuildAction;Lorg/gradle/internal/invocation/BuildController;)Lorg/gradle/internal/invocation/BuildActionRunner$Result;+34
j  org.gradle.launcher.exec.ChainingBuildActionRunner.run(Lorg/gradle/internal/invocation/BuildAction;Lorg/gradle/internal/invocation/BuildController;)Lorg/gradle/internal/invocation/BuildActionRunner$Result;+34
j  org.gradle.launcher.exec.BuildOutcomeReportingBuildActionRunner.run(Lorg/gradle/internal/invocation/BuildAction;Lorg/gradle/internal/invocation/BuildController;)Lorg/gradle/internal/invocation/BuildActionRunner$Result;+143
j  org.gradle.tooling.internal.provider.ValidatingBuildActionRunner.run(Lorg/gradle/internal/invocation/BuildAction;Lorg/gradle/internal/invocation/BuildController;)Lorg/gradle/internal/invocation/BuildActionRunner$Result;+6
j  org.gradle.launcher.exec.BuildCompletionNotifyingBuildActionRunner.run(Lorg/gradle/internal/invocation/BuildAction;Lorg/gradle/internal/invocation/BuildController;)Lorg/gradle/internal/invocation/BuildActionRunner$Result;+28
j  org.gradle.launcher.exec.RunAsBuildOperationBuildActionRunner$3.call(Lorg/gradle/internal/operations/BuildOperationContext;)Lorg/gradle/internal/invocation/BuildActionRunner$Result;+95
j  org.gradle.launcher.exec.RunAsBuildOperationBuildActionRunner$3.call(Lorg/gradle/internal/operations/BuildOperationContext;)Ljava/lang/Object;+2
j  org.gradle.internal.operations.DefaultBuildOperationExecutor$CallableBuildOperationWorker.execute(Lorg/gradle/internal/operations/CallableBuildOperation;Lorg/gradle/internal/operations/BuildOperationContext;)V+3
j  org.gradle.internal.operations.DefaultBuildOperationExecutor$CallableBuildOperationWorker.execute(Lorg/gradle/internal/operations/BuildOperation;Lorg/gradle/internal/operations/BuildOperationContext;)V+6
j  org.gradle.internal.operations.DefaultBuildOperationExecutor$1.execute(Lorg/gradle/internal/operations/BuildOperationDescriptor;Lorg/gradle/internal/operations/DefaultBuildOperationExecutor$DefaultBuildOperationContext;Lorg/gradle/internal/operations/DefaultBuildOperationExecutor$BuildOperationExecutionListener;)Lorg/gradle/internal/operations/BuildOperation;+18
j  org.gradle.internal.operations.DefaultBuildOperationExecutor.execute(Lorg/gradle/internal/operations/BuildOperationDescriptor$Builder;Lorg/gradle/internal/operations/DefaultBuildOperationExecutor$BuildOperationState;Lorg/gradle/internal/operations/DefaultBuildOperationExecutor$BuildOperationExecution;)Lorg/gradle/internal/operations/BuildOperation;+105
j  org.gradle.internal.operations.DefaultBuildOperationExecutor.execute(Lorg/gradle/internal/operations/BuildOperation;Lorg/gradle/internal/operations/BuildOperationWorker;Lorg/gradle/internal/operations/DefaultBuildOperationExecutor$BuildOperationState;)V+22
j  org.gradle.internal.operations.DefaultBuildOperationExecutor.call(Lorg/gradle/internal/operations/CallableBuildOperation;)Ljava/lang/Object;+16
j  org.gradle.internal.operations.DelegatingBuildOperationExecutor.call(Lorg/gradle/internal/operations/CallableBuildOperation;)Ljava/lang/Object;+5
j  org.gradle.launcher.exec.RunAsBuildOperationBuildActionRunner.run(Lorg/gradle/internal/invocation/BuildAction;Lorg/gradle/internal/invocation/BuildController;)Lorg/gradle/internal/invocation/BuildActionRunner$Result;+33
j  org.gradle.launcher.exec.InProcessBuildActionExecuter$1.transform(Lorg/gradle/internal/invocation/BuildController;)Lorg/gradle/launcher/exec/BuildActionResult;+12
j  org.gradle.launcher.exec.InProcessBuildActionExecuter$1.transform(Ljava/lang/Object;)Ljava/lang/Object;+5
j  org.gradle.composite.internal.DefaultRootBuildState.run(Lorg/gradle/api/Transformer;)Ljava/lang/Object;+43
j  org.gradle.launcher.exec.InProcessBuildActionExecuter.execute(Lorg/gradle/internal/invocation/BuildAction;Lorg/gradle/initialization/BuildRequestContext;Lorg/gradle/launcher/exec/BuildActionParameters;Lorg/gradle/internal/service/ServiceRegistry;)Lorg/gradle/launcher/exec/BuildActionResult;+82
j  org.gradle.launcher.exec.InProcessBuildActionExecuter.execute(Lorg/gradle/internal/invocation/BuildAction;Lorg/gradle/initialization/BuildRequestContext;Ljava/lang/Object;Lorg/gradle/internal/service/ServiceRegistry;)Lorg/gradle/launcher/exec/BuildActionResult;+9
j  org.gradle.launcher.exec.BuildTreeScopeBuildActionExecuter.execute(Lorg/gradle/internal/invocation/BuildAction;Lorg/gradle/initialization/BuildRequestContext;Lorg/gradle/launcher/exec/BuildActionParameters;Lorg/gradle/internal/service/ServiceRegistry;)Lorg/gradle/launcher/exec/BuildActionResult;+38
j  org.gradle.launcher.exec.BuildTreeScopeBuildActionExecuter.execute(Lorg/gradle/internal/invocation/BuildAction;Lorg/gradle/initialization/BuildRequestContext;Ljava/lang/Object;Lorg/gradle/internal/service/ServiceRegistry;)Lorg/gradle/launcher/exec/BuildActionResult;+9
j  org.gradle.tooling.internal.provider.ContinuousBuildActionExecuter.execute(Lorg/gradle/internal/invocation/BuildAction;Lorg/gradle/initialization/BuildRequestContext;Lorg/gradle/launcher/exec/BuildActionParameters;Lorg/gradle/internal/service/ServiceRegistry;)Lorg/gradle/launcher/exec/BuildActionResult;+58
j  org.gradle.tooling.internal.provider.ContinuousBuildActionExecuter.execute(Lorg/gradle/internal/invocation/BuildAction;Lorg/gradle/initialization/BuildRequestContext;Ljava/lang/Object;Lorg/gradle/internal/service/ServiceRegistry;)Lorg/gradle/launcher/exec/BuildActionResult;+9
j  org.gradle.tooling.internal.provider.SubscribableBuildActionExecuter.execute(Lorg/gradle/internal/invocation/BuildAction;Lorg/gradle/initialization/BuildRequestContext;Lorg/gradle/launcher/exec/BuildActionParameters;Lorg/gradle/internal/service/ServiceRegistry;)Lorg/gradle/launcher/exec/BuildActionResult;+41
j  org.gradle.tooling.internal.provider.SubscribableBuildActionExecuter.execute(Lorg/gradle/internal/invocation/BuildAction;Lorg/gradle/initialization/BuildRequestContext;Ljava/lang/Object;Lorg/gradle/internal/service/ServiceRegistry;)Lorg/gradle/launcher/exec/BuildActionResult;+9
j  org.gradle.tooling.internal.provider.SessionScopeBuildActionExecuter.execute(Lorg/gradle/internal/invocation/BuildAction;Lorg/gradle/initialization/BuildRequestContext;Lorg/gradle/launcher/exec/BuildActionParameters;Lorg/gradle/internal/service/ServiceRegistry;)Lorg/gradle/launcher/exec/BuildActionResult;+117
j  org.gradle.tooling.internal.provider.SessionScopeBuildActionExecuter.execute(Lorg/gradle/internal/invocation/BuildAction;Lorg/gradle/initialization/BuildRequestContext;Ljava/lang/Object;Lorg/gradle/internal/service/ServiceRegistry;)Lorg/gradle/launcher/exec/BuildActionResult;+9
j  org.gradle.tooling.internal.provider.GradleThreadBuildActionExecuter.execute(Lorg/gradle/internal/invocation/BuildAction;Lorg/gradle/initialization/BuildRequestContext;Lorg/gradle/launcher/exec/BuildActionParameters;Lorg/gradle/internal/service/ServiceRegistry;)Lorg/gradle/launcher/exec/BuildActionResult;+12
j  org.gradle.tooling.internal.provider.GradleThreadBuildActionExecuter.execute(Lorg/gradle/internal/invocation/BuildAction;Lorg/gradle/initialization/BuildRequestContext;Ljava/lang/Object;Lorg/gradle/internal/service/ServiceRegistry;)Lorg/gradle/launcher/exec/BuildActionResult;+9
j  org.gradle.tooling.internal.provider.StartParamsValidatingActionExecuter.execute(Lorg/gradle/internal/invocation/BuildAction;Lorg/gradle/initialization/BuildRequestContext;Lorg/gradle/launcher/exec/BuildActionParameters;Lorg/gradle/internal/service/ServiceRegistry;)Lorg/gradle/launcher/exec/BuildActionResult;+177
j  org.gradle.tooling.internal.provider.StartParamsValidatingActionExecuter.execute(Lorg/gradle/internal/invocation/BuildAction;Lorg/gradle/initialization/BuildRequestContext;Ljava/lang/Object;Lorg/gradle/internal/service/ServiceRegistry;)Lorg/gradle/launcher/exec/BuildActionResult;+9
j  org.gradle.tooling.internal.provider.SessionFailureReportingActionExecuter.execute(Lorg/gradle/internal/invocation/BuildAction;Lorg/gradle/initialization/BuildRequestContext;Lorg/gradle/launcher/exec/BuildActionParameters;Lorg/gradle/internal/service/ServiceRegistry;)Lorg/gradle/launcher/exec/BuildActionResult;+9
j  org.gradle.tooling.internal.provider.SessionFailureReportingActionExecuter.execute(Lorg/gradle/internal/invocation/BuildAction;Lorg/gradle/initialization/BuildRequestContext;Ljava/lang/Object;Lorg/gradle/internal/service/ServiceRegistry;)Lorg/gradle/launcher/exec/BuildActionResult;+9
j  org.gradle.tooling.internal.provider.SetupLoggingActionExecuter.execute(Lorg/gradle/internal/invocation/BuildAction;Lorg/gradle/initialization/BuildRequestContext;Lorg/gradle/launcher/exec/BuildActionParameters;Lorg/gradle/internal/service/ServiceRegistry;)Lorg/gradle/launcher/exec/BuildActionResult;+52
j  org.gradle.tooling.internal.provider.SetupLoggingActionExecuter.execute(Lorg/gradle/internal/invocation/BuildAction;Lorg/gradle/initialization/BuildRequestContext;Ljava/lang/Object;Lorg/gradle/internal/service/ServiceRegistry;)Lorg/gradle/launcher/exec/BuildActionResult;+9
j  org.gradle.launcher.daemon.server.exec.ExecuteBuild.doBuild(Lorg/gradle/launcher/daemon/server/api/DaemonCommandExecution;Lorg/gradle/launcher/daemon/protocol/Build;)V+118
j  org.gradle.launcher.daemon.server.exec.BuildCommandOnly.execute(Lorg/gradle/launcher/daemon/server/api/DaemonCommandExecution;)V+49
j  org.gradle.launcher.daemon.server.api.DaemonCommandExecution.proceed()Z+23
j  org.gradle.launcher.daemon.server.exec.WatchForDisconnection.execute(Lorg/gradle/launcher/daemon/server/api/DaemonCommandExecution;)V+19
j  org.gradle.launcher.daemon.server.api.DaemonCommandExecution.proceed()Z+23
j  org.gradle.launcher.daemon.server.exec.ResetDeprecationLogger.execute(Lorg/gradle/launcher/daemon/server/api/DaemonCommandExecution;)V+7
j  org.gradle.launcher.daemon.server.api.DaemonCommandExecution.proceed()Z+23
j  org.gradle.launcher.daemon.server.exec.RequestStopIfSingleUsedDaemon.execute(Lorg/gradle/launcher/daemon/server/api/DaemonCommandExecution;)V+33
j  org.gradle.launcher.daemon.server.api.DaemonCommandExecution.proceed()Z+23
j  org.gradle.launcher.daemon.server.exec.ForwardClientInput$2.create()Ljava/lang/Void;+4
j  org.gradle.launcher.daemon.server.exec.ForwardClientInput$2.create()Ljava/lang/Object;+1
j  org.gradle.util.Swapper.swap(Ljava/lang/Object;Lorg/gradle/internal/Factory;)Ljava/lang/Object;+21
j  org.gradle.launcher.daemon.server.exec.ForwardClientInput.execute(Lorg/gradle/launcher/daemon/server/api/DaemonCommandExecution;)V+63
j  org.gradle.launcher.daemon.server.api.DaemonCommandExecution.proceed()Z+23
j  org.gradle.launcher.daemon.server.exec.LogAndCheckHealth.execute(Lorg/gradle/launcher/daemon/server/api/DaemonCommandExecution;)V+28
j  org.gradle.launcher.daemon.server.api.DaemonCommandExecution.proceed()Z+23
j  org.gradle.launcher.daemon.server.exec.LogToClient.doBuild(Lorg/gradle/launcher/daemon/server/api/DaemonCommandExecution;Lorg/gradle/launcher/daemon/protocol/Build;)V+87
j  org.gradle.launcher.daemon.server.exec.BuildCommandOnly.execute(Lorg/gradle/launcher/daemon/server/api/DaemonCommandExecution;)V+49
j  org.gradle.launcher.daemon.server.api.DaemonCommandExecution.proceed()Z+23
j  org.gradle.launcher.daemon.server.exec.EstablishBuildEnvironment.doBuild(Lorg/gradle/launcher/daemon/server/api/DaemonCommandExecution;Lorg/gradle/launcher/daemon/protocol/Build;)V+351
j  org.gradle.launcher.daemon.server.exec.BuildCommandOnly.execute(Lorg/gradle/launcher/daemon/server/api/DaemonCommandExecution;)V+49
j  org.gradle.launcher.daemon.server.api.DaemonCommandExecution.proceed()Z+23
j  org.gradle.launcher.daemon.server.exec.StartBuildOrRespondWithBusy$1.run()V+44
j  org.gradle.launcher.daemon.server.DaemonStateCoordinator$1.run()V+4
j  org.gradle.internal.concurrent.ExecutorPolicy$CatchAndRecordFailures.onExecute(Ljava/lang/Runnable;)V+1
j  org.gradle.internal.concurrent.ManagedExecutorImpl$1.run()V+25
j  java.util.concurrent.ThreadPoolExecutor.runWorker(Ljava/util/concurrent/ThreadPoolExecutor$Worker;)V+95
j  java.util.concurrent.ThreadPoolExecutor$Worker.run()V+5
j  org.gradle.internal.concurrent.ThreadFactoryImpl$ManagedThreadRunnable.run()V+7
j  java.lang.Thread.run()V+11
v  ~StubRoutines::call_stub

---------------  P R O C E S S  ---------------

Java Threads: ( => current thread )
  0x000000001fede000 JavaThread "Cache worker for file content cache (C:\Users\hp\AndroidStudioProjects\MyApplication\.gradle\6.5\fileContent)" [_thread_blocked, id=14048, stack(0x0000000029bd0000,0x0000000029cd0000)]
  0x000000001aa58800 JavaThread "Memory manager" [_thread_blocked, id=18836, stack(0x000000002b160000,0x000000002b260000)]
  0x000000001aa57000 JavaThread "Cache worker for Build Output Cleanup Cache (C:\Users\hp\AndroidStudioProjects\MyApplication\.gradle\buildOutputCleanup)" [_thread_blocked, id=17540, stack(0x0000000028cd0000,0x0000000028dd0000)]
  0x000000001aa56000 JavaThread "jar transforms Thread 94" [_thread_blocked, id=9616, stack(0x00000000289d0000,0x0000000028ad0000)]
  0x000000001aa54800 JavaThread "jar transforms Thread 93" [_thread_blocked, id=10548, stack(0x00000000288d0000,0x00000000289d0000)]
  0x000000001aa53000 JavaThread "jar transforms Thread 92" [_thread_blocked, id=19008, stack(0x00000000287d0000,0x00000000288d0000)]
  0x000000001aa59000 JavaThread "jar transforms Thread 91" [_thread_blocked, id=12636, stack(0x00000000286d0000,0x00000000287d0000)]
  0x000000001aa5a000 JavaThread "jar transforms Thread 90" [_thread_blocked, id=18460, stack(0x00000000285d0000,0x00000000286d0000)]
  0x000000001aa55800 JavaThread "jar transforms Thread 89" [_thread_blocked, id=11728, stack(0x00000000284d0000,0x00000000285d0000)]
  0x000000001aa54000 JavaThread "jar transforms Thread 88" [_thread_blocked, id=18576, stack(0x00000000283d0000,0x00000000284d0000)]
  0x000000001aa4c800 JavaThread "jar transforms Thread 87" [_thread_blocked, id=19396, stack(0x00000000282d0000,0x00000000283d0000)]
  0x000000001aa4b800 JavaThread "jar transforms Thread 86" [_thread_blocked, id=18572, stack(0x00000000281d0000,0x00000000282d0000)]
  0x000000001aa52800 JavaThread "jar transforms Thread 85" [_thread_blocked, id=6376, stack(0x00000000280d0000,0x00000000281d0000)]
  0x000000001aa4b000 JavaThread "jar transforms Thread 84" [_thread_blocked, id=6592, stack(0x0000000027fd0000,0x00000000280d0000)]
  0x000000001aa51000 JavaThread "jar transforms Thread 83" [_thread_blocked, id=19024, stack(0x0000000027ed0000,0x0000000027fd0000)]
  0x000000001aa4d000 JavaThread "jar transforms Thread 82" [_thread_blocked, id=8740, stack(0x0000000027dd0000,0x0000000027ed0000)]
  0x000000001aa4e800 JavaThread "jar transforms Thread 81" [_thread_blocked, id=7040, stack(0x0000000027cd0000,0x0000000027dd0000)]
  0x000000001aa50000 JavaThread "jar transforms Thread 80" [_thread_blocked, id=9060, stack(0x0000000027bd0000,0x0000000027cd0000)]
  0x000000001aa51800 JavaThread "jar transforms Thread 79" [_thread_blocked, id=14024, stack(0x0000000027ad0000,0x0000000027bd0000)]
  0x000000001aa4f800 JavaThread "jar transforms Thread 78" [_thread_blocked, id=18116, stack(0x00000000279d0000,0x0000000027ad0000)]
  0x000000001aa4e000 JavaThread "jar transforms Thread 77" [_thread_blocked, id=6720, stack(0x00000000278d0000,0x00000000279d0000)]
  0x000000001a18a000 JavaThread "jar transforms Thread 76" [_thread_blocked, id=16520, stack(0x00000000277d0000,0x00000000278d0000)]
  0x000000001a187000 JavaThread "jar transforms Thread 75" [_thread_blocked, id=12484, stack(0x00000000276d0000,0x00000000277d0000)]
  0x000000001a186000 JavaThread "jar transforms Thread 74" [_thread_blocked, id=15540, stack(0x00000000275d0000,0x00000000276d0000)]
  0x000000001a189000 JavaThread "jar transforms Thread 73" [_thread_blocked, id=17316, stack(0x00000000274d0000,0x00000000275d0000)]
  0x000000001a187800 JavaThread "jar transforms Thread 72" [_thread_blocked, id=2996, stack(0x00000000273d0000,0x00000000274d0000)]
  0x000000001a188800 JavaThread "jar transforms Thread 71" [_thread_blocked, id=5472, stack(0x00000000272d0000,0x00000000273d0000)]
  0x000000001a185800 JavaThread "jar transforms Thread 70" [_thread_blocked, id=15212, stack(0x00000000271d0000,0x00000000272d0000)]
  0x000000001a17d800 JavaThread "jar transforms Thread 69" [_thread_blocked, id=17756, stack(0x00000000270d0000,0x00000000271d0000)]
  0x000000001a184800 JavaThread "jar transforms Thread 68" [_thread_blocked, id=8860, stack(0x0000000026fd0000,0x00000000270d0000)]
  0x000000001a17d000 JavaThread "jar transforms Thread 67" [_thread_blocked, id=16696, stack(0x0000000026ed0000,0x0000000026fd0000)]
  0x000000001a183000 JavaThread "jar transforms Thread 66" [_thread_blocked, id=8100, stack(0x0000000026dd0000,0x0000000026ed0000)]
  0x000000001a17e800 JavaThread "jar transforms Thread 65" [_thread_blocked, id=15412, stack(0x0000000026cd0000,0x0000000026dd0000)]
  0x000000001a182800 JavaThread "jar transforms Thread 64" [_thread_blocked, id=18196, stack(0x0000000026bd0000,0x0000000026cd0000)]
  0x000000001a181800 JavaThread "jar transforms Thread 63" [_thread_blocked, id=16604, stack(0x0000000026ad0000,0x0000000026bd0000)]
  0x000000001a184000 JavaThread "jar transforms Thread 62" [_thread_blocked, id=12212, stack(0x00000000269d0000,0x0000000026ad0000)]
  0x000000001a181000 JavaThread "jar transforms Thread 61" [_thread_blocked, id=13608, stack(0x00000000268d0000,0x00000000269d0000)]
  0x000000001a17c000 JavaThread "jar transforms Thread 60" [_thread_blocked, id=10140, stack(0x00000000267d0000,0x00000000268d0000)]
  0x000000001a17b800 JavaThread "jar transforms Thread 59" [_thread_blocked, id=16172, stack(0x00000000266d0000,0x00000000267d0000)]
  0x000000001a17a800 JavaThread "jar transforms Thread 58" [_thread_blocked, id=19084, stack(0x00000000265d0000,0x00000000266d0000)]
  0x000000001a180000 JavaThread "jar transforms Thread 57" [_thread_blocked, id=17984, stack(0x00000000264d0000,0x00000000265d0000)]
  0x000000001a17f800 JavaThread "jar transforms Thread 56" [_thread_blocked, id=10408, stack(0x00000000263d0000,0x00000000264d0000)]
  0x000000001b3fa800 JavaThread "jar transforms Thread 55" [_thread_blocked, id=16540, stack(0x00000000262d0000,0x00000000263d0000)]
  0x000000001b3fb800 JavaThread "jar transforms Thread 54" [_thread_blocked, id=18952, stack(0x00000000261d0000,0x00000000262d0000)]
  0x000000001b3f9000 JavaThread "jar transforms Thread 53" [_thread_blocked, id=15432, stack(0x00000000260d0000,0x00000000261d0000)]
  0x000000001b3f8800 JavaThread "jar transforms Thread 52" [_thread_blocked, id=19384, stack(0x0000000025fd0000,0x00000000260d0000)]
  0x000000001b3fa000 JavaThread "jar transforms Thread 51" [_thread_blocked, id=18504, stack(0x0000000025ed0000,0x0000000025fd0000)]
  0x000000001b3f7800 JavaThread "jar transforms Thread 50" [_thread_blocked, id=16636, stack(0x0000000025dd0000,0x0000000025ed0000)]
  0x000000001b3f5800 JavaThread "jar transforms Thread 49" [_thread_blocked, id=2832, stack(0x0000000025cd0000,0x0000000025dd0000)]
  0x000000001b3f7000 JavaThread "jar transforms Thread 48" [_thread_blocked, id=6756, stack(0x0000000025bd0000,0x0000000025cd0000)]
  0x000000001b3f6000 JavaThread "jar transforms Thread 47" [_thread_blocked, id=17588, stack(0x0000000025ad0000,0x0000000025bd0000)]
  0x000000001b3ee000 JavaThread "jar transforms Thread 46" [_thread_blocked, id=17480, stack(0x00000000259d0000,0x0000000025ad0000)]
  0x000000001b3f4800 JavaThread "jar transforms Thread 45" [_thread_blocked, id=18024, stack(0x00000000258d0000,0x00000000259d0000)]
  0x000000001b3ef800 JavaThread "jar transforms Thread 44" [_thread_blocked, id=18924, stack(0x00000000257d0000,0x00000000258d0000)]
  0x000000001b3ee800 JavaThread "jar transforms Thread 43" [_thread_blocked, id=18748, stack(0x00000000256d0000,0x00000000257d0000)]
  0x000000001b3ed000 JavaThread "jar transforms Thread 42" [_thread_blocked, id=16436, stack(0x00000000255d0000,0x00000000256d0000)]
  0x000000001b3f4000 JavaThread "jar transforms Thread 41" [_thread_blocked, id=16900, stack(0x00000000254d0000,0x00000000255d0000)]
  0x000000001b3f2800 JavaThread "jar transforms Thread 40" [_thread_blocked, id=7504, stack(0x00000000253d0000,0x00000000254d0000)]
  0x000000001b3f1000 JavaThread "jar transforms Thread 39" [_thread_blocked, id=13500, stack(0x00000000252d0000,0x00000000253d0000)]
  0x000000001b3f1800 JavaThread "jar transforms Thread 38" [_thread_blocked, id=11156, stack(0x00000000251d0000,0x00000000252d0000)]
  0x000000001b3f3000 JavaThread "jar transforms Thread 37" [_thread_blocked, id=8604, stack(0x00000000250d0000,0x00000000251d0000)]
  0x000000001b3f0000 JavaThread "jar transforms Thread 36" [_thread_blocked, id=16828, stack(0x0000000024fd0000,0x00000000250d0000)]
  0x000000001b3ec000 JavaThread "jar transforms Thread 35" [_thread_blocked, id=18412, stack(0x0000000024ed0000,0x0000000024fd0000)]
  0x000000001f30e800 JavaThread "jar transforms Thread 34" [_thread_blocked, id=18760, stack(0x0000000024dd0000,0x0000000024ed0000)]
  0x000000001f310000 JavaThread "jar transforms Thread 33" [_thread_blocked, id=8676, stack(0x0000000024cd0000,0x0000000024dd0000)]
  0x000000001f30c000 JavaThread "jar transforms Thread 32" [_thread_blocked, id=14056, stack(0x0000000024bd0000,0x0000000024cd0000)]
  0x000000001f30d800 JavaThread "jar transforms Thread 31" [_thread_blocked, id=17820, stack(0x0000000024ad0000,0x0000000024bd0000)]
  0x000000001f312000 JavaThread "jar transforms Thread 30" [_thread_blocked, id=6728, stack(0x00000000249d0000,0x0000000024ad0000)]
  0x000000001f311800 JavaThread "jar transforms Thread 29" [_thread_blocked, id=6860, stack(0x00000000248d0000,0x00000000249d0000)]
  0x000000001f310800 JavaThread "jar transforms Thread 28" [_thread_blocked, id=17888, stack(0x00000000247d0000,0x00000000248d0000)]
  0x000000001f313000 JavaThread "jar transforms Thread 27" [_thread_blocked, id=19076, stack(0x00000000246d0000,0x00000000247d0000)]
  0x000000001f30f000 JavaThread "jar transforms Thread 26" [_thread_blocked, id=18904, stack(0x00000000245d0000,0x00000000246d0000)]
  0x000000001f30b800 JavaThread "jar transforms Thread 25" [_thread_blocked, id=18916, stack(0x00000000244d0000,0x00000000245d0000)]
  0x000000001f30d000 JavaThread "jar transforms Thread 24" [_thread_blocked, id=3236, stack(0x00000000243d0000,0x00000000244d0000)]
  0x000000001f304800 JavaThread "jar transforms Thread 23" [_thread_blocked, id=19080, stack(0x00000000242d0000,0x00000000243d0000)]
  0x000000001f30a800 JavaThread "jar transforms Thread 22" [_thread_blocked, id=12436, stack(0x00000000241d0000,0x00000000242d0000)]
  0x000000001f30a000 JavaThread "jar transforms Thread 21" [_thread_blocked, id=16512, stack(0x00000000240d0000,0x00000000241d0000)]
  0x000000001f308800 JavaThread "jar transforms Thread 20" [_thread_blocked, id=17712, stack(0x0000000023fd0000,0x00000000240d0000)]
  0x000000001f309000 JavaThread "jar transforms Thread 19" [_thread_blocked, id=16432, stack(0x0000000023ed0000,0x0000000023fd0000)]
  0x000000001f307800 JavaThread "jar transforms Thread 18" [_thread_blocked, id=18784, stack(0x0000000023dd0000,0x0000000023ed0000)]
  0x000000001f307000 JavaThread "jar transforms Thread 17" [_thread_blocked, id=13372, stack(0x0000000023cd0000,0x0000000023dd0000)]
  0x000000001f304000 JavaThread "jar transforms Thread 16" [_thread_blocked, id=17428, stack(0x0000000023bd0000,0x0000000023cd0000)]
  0x000000001f306000 JavaThread "jar transforms Thread 15" [_thread_blocked, id=15436, stack(0x0000000023ad0000,0x0000000023bd0000)]
  0x000000001f305800 JavaThread "jar transforms Thread 14" [_thread_blocked, id=18860, stack(0x00000000239d0000,0x0000000023ad0000)]
  0x000000001e443800 JavaThread "jar transforms Thread 13" [_thread_blocked, id=18960, stack(0x00000000238d0000,0x00000000239d0000)]
  0x000000001e442800 JavaThread "jar transforms Thread 12" [_thread_blocked, id=10888, stack(0x00000000237d0000,0x00000000238d0000)]
  0x000000001e444000 JavaThread "jar transforms Thread 11" [_thread_blocked, id=13968, stack(0x00000000236d0000,0x00000000237d0000)]
  0x000000001e442000 JavaThread "jar transforms Thread 10" [_thread_blocked, id=14004, stack(0x00000000234d0000,0x00000000235d0000)]
  0x000000001e445000 JavaThread "jar transforms Thread 9" [_thread_blocked, id=5024, stack(0x00000000233d0000,0x00000000234d0000)]
  0x000000001e446000 JavaThread "jar transforms Thread 8" [_thread_blocked, id=10852, stack(0x00000000232d0000,0x00000000233d0000)]
  0x000000001e440800 JavaThread "jar transforms Thread 7" [_thread_blocked, id=19380, stack(0x00000000231d0000,0x00000000232d0000)]
  0x000000001e441000 JavaThread "jar transforms Thread 6" [_thread_blocked, id=12580, stack(0x00000000230d0000,0x00000000231d0000)]
  0x000000001e43f000 JavaThread "jar transforms Thread 5" [_thread_blocked, id=15816, stack(0x0000000022fd0000,0x00000000230d0000)]
  0x000000001e43f800 JavaThread "jar transforms Thread 4" [_thread_blocked, id=17492, stack(0x0000000022ed0000,0x0000000022fd0000)]
  0x000000001e437800 JavaThread "jar transforms Thread 3" [_thread_blocked, id=18280, stack(0x0000000022dd0000,0x0000000022ed0000)]
  0x000000001e43e000 JavaThread "jar transforms Thread 2" [_thread_blocked, id=9092, stack(0x0000000022cd0000,0x0000000022dd0000)]
  0x000000001e43c000 JavaThread "Build operations Thread 4" [_thread_blocked, id=7372, stack(0x0000000022bd0000,0x0000000022cd0000)]
  0x000000001e43b000 JavaThread "Build operations Thread 3" [_thread_blocked, id=6660, stack(0x0000000022ad0000,0x0000000022bd0000)]
  0x000000001e439000 JavaThread "Build operations Thread 2" [_thread_blocked, id=17104, stack(0x00000000229d0000,0x0000000022ad0000)]
  0x000000001e438000 JavaThread "Build operations" [_thread_blocked, id=17676, stack(0x00000000228d0000,0x00000000229d0000)]
  0x0000000017fd2000 JavaThread "Cache worker for file content cache (C:\Users\hp\.gradle\caches\6.5\fileContent)" [_thread_blocked, id=756, stack(0x00000000221d0000,0x00000000222d0000)]
  0x0000000017fd1000 JavaThread "jar transforms" [_thread_blocked, id=18084, stack(0x00000000220d0000,0x00000000221d0000)]
  0x0000000017fcf800 JavaThread "Cache worker for execution history cache (C:\Users\hp\.gradle\caches\6.5\executionHistory)" [_thread_blocked, id=13172, stack(0x00000000219d0000,0x0000000021ad0000)]
  0x0000000017fcc800 JavaThread "Cache worker for cache directory md-rule (C:\Users\hp\.gradle\caches\6.5\md-rule)" [_thread_blocked, id=16896, stack(0x00000000218d0000,0x00000000219d0000)]
  0x0000000017fcf000 JavaThread "Cache worker for cache directory md-supplier (C:\Users\hp\.gradle\caches\6.5\md-supplier)" [_thread_blocked, id=19260, stack(0x00000000207d0000,0x00000000208d0000)]
  0x0000000017fce000 JavaThread "Cache worker for checksums cache (C:\Users\hp\AndroidStudioProjects\MyApplication\.gradle\checksums)" [_thread_blocked, id=19416, stack(0x00000000206d0000,0x00000000207d0000)]
  0x0000000017fd0800 JavaThread "Cache worker for file hash cache (C:\Users\hp\AndroidStudioProjects\MyApplication\.gradle\6.5\fileHashes)" [_thread_blocked, id=15840, stack(0x00000000203d0000,0x00000000204d0000)]
  0x0000000017fcc000 JavaThread "Cache worker for file hash cache (C:\Users\hp\.gradle\caches\6.5\fileHashes)" [_thread_blocked, id=19400, stack(0x000000001ef00000,0x000000001f000000)]
  0x0000000017fcd800 JavaThread "File lock request listener" [_thread_in_native, id=18752, stack(0x000000001de30000,0x000000001df30000)]
  0x000000001af73800 JavaThread "Cache worker for journal cache (C:\Users\hp\.gradle\caches\journal-1)" [_thread_blocked, id=15616, stack(0x000000001dd30000,0x000000001de30000)]
  0x0000000019fca000 JavaThread "Thread-9" [_thread_blocked, id=13044, stack(0x000000001da30000,0x000000001db30000)]
  0x000000001abdb800 JavaThread "Stdin handler" [_thread_blocked, id=6212, stack(0x000000001d930000,0x000000001da30000)]
  0x000000001abda000 JavaThread "Asynchronous log dispatcher for DefaultDaemonConnection: socket connection from /127.0.0.1:58996 to /127.0.0.1:58997" [_thread_blocked, id=17772, stack(0x000000001d830000,0x000000001d930000)]
=>0x000000001a853800 JavaThread "Daemon worker" [_thread_in_vm, id=16440, stack(0x000000001d730000,0x000000001d830000)]
  0x000000001a852800 JavaThread "Cancel handler" [_thread_blocked, id=19048, stack(0x000000001d630000,0x000000001d730000)]
  0x000000001a72c000 JavaThread "Handler for socket connection from /127.0.0.1:58996 to /127.0.0.1:58997" [_thread_in_native, id=16616, stack(0x000000001d530000,0x000000001d630000)]
  0x0000000019b47800 JavaThread "Daemon" [_thread_blocked, id=18764, stack(0x000000001d430000,0x000000001d530000)]
  0x000000001b8f3000 JavaThread "Daemon periodic checks" [_thread_blocked, id=19092, stack(0x000000001d130000,0x000000001d230000)]
  0x000000001b8ea800 JavaThread "Incoming local TCP Connector on port 58996" [_thread_in_native, id=17608, stack(0x000000001cef0000,0x000000001cff0000)]
  0x0000000019cbc800 JavaThread "Daemon health stats" [_thread_blocked, id=12788, stack(0x000000001c8b0000,0x000000001c9b0000)]
  0x0000000019950000 JavaThread "Service Thread" daemon [_thread_blocked, id=17464, stack(0x0000000019d10000,0x0000000019e10000)]
  0x0000000017fd2800 JavaThread "C1 CompilerThread2" daemon [_thread_in_native, id=13376, stack(0x0000000019810000,0x0000000019910000)]
  0x0000000017fbc800 JavaThread "C2 CompilerThread1" daemon [_thread_in_native, id=11584, stack(0x0000000019710000,0x0000000019810000)]
  0x0000000017fb7800 JavaThread "C2 CompilerThread0" daemon [_thread_in_native, id=9248, stack(0x0000000019610000,0x0000000019710000)]
  0x0000000017fb6000 JavaThread "Attach Listener" daemon [_thread_blocked, id=16912, stack(0x0000000019510000,0x0000000019610000)]
  0x0000000017fb3000 JavaThread "Signal Dispatcher" daemon [_thread_blocked, id=6200, stack(0x0000000019410000,0x0000000019510000)]
  0x000000000338d800 JavaThread "Finalizer" daemon [_thread_blocked, id=12184, stack(0x0000000019210000,0x0000000019310000)]
  0x0000000017f99000 JavaThread "Reference Handler" daemon [_thread_blocked, id=9940, stack(0x0000000019110000,0x0000000019210000)]
  0x000000000328d800 JavaThread "main" [_thread_blocked, id=19056, stack(0x0000000003140000,0x0000000003240000)]

Other Threads:
  0x0000000017f76000 VMThread [stack: 0x0000000019010000,0x0000000019110000] [id=2572]
  0x000000001800c800 WatcherThread [stack: 0x0000000019e10000,0x0000000019f10000] [id=16848]

VM state:not at safepoint (normal execution)

VM Mutex/Monitor currently owned by a thread: None

heap address: 0x0000000080000000, size: 2048 MB, Compressed Oops mode: 32-bit
Narrow klass base: 0x0000000000000000, Narrow klass shift: 3
Compressed class space size: 1073741824 Address: 0x0000000100000000

Heap:
 PSYoungGen      total 94208K, used 62915K [0x00000000d5580000, 0x00000000dc780000, 0x0000000100000000)
  eden space 74240K, 84% used [0x00000000d5580000,0x00000000d92f0ec8,0x00000000d9e00000)
  from space 19968K, 0% used [0x00000000db180000,0x00000000db180000,0x00000000dc500000)
  to   space 19968K, 0% used [0x00000000d9e00000,0x00000000d9e00000,0x00000000db180000)
 ParOldGen       total 133632K, used 33522K [0x0000000080000000, 0x0000000088280000, 0x00000000d5580000)
  object space 133632K, 25% used [0x0000000080000000,0x00000000820bca20,0x0000000088280000)
 Metaspace       used 60498K, capacity 62968K, committed 63192K, reserved 1103872K
  class space    used 8389K, capacity 8884K, committed 8960K, reserved 1048576K

Card table byte_map: [0x0000000012750000,0x0000000012b60000] byte_map_base: 0x0000000012350000

Marking Bits: (ParMarkBitMap*) 0x0000000075cff030
 Begin Bits: [0x0000000013210000, 0x0000000015210000)
 End Bits:   [0x0000000015210000, 0x0000000017210000)

Polling page: 0x0000000001830000

CodeCache: size=245760Kb used=18129Kb max_used=18129Kb free=227630Kb
 bounds [0x0000000003390000, 0x0000000004560000, 0x0000000012390000]
 total_blobs=6052 nmethods=5274 adapters=690
 compilation: enabled

Compilation events (10 events):
Event: 53.725 Thread 0x0000000017fd2800 nmethod 5813 0x000000000454eb50 code [0x000000000454ecc0, 0x000000000454efc8]
Event: 53.726 Thread 0x0000000017fd2800 5814       3       com.sun.xml.bind.v2.model.annotation.RuntimeInlineAnnotationReader::hasClassAnnotation (10 bytes)
Event: 53.727 Thread 0x0000000017fd2800 nmethod 5814 0x000000000454f110 code [0x000000000454f2e0, 0x000000000454fb68]
Event: 53.727 Thread 0x0000000017fd2800 5816       3       com.sun.xml.bind.v2.model.nav.ReflectionNavigator::asDecl (6 bytes)
Event: 53.727 Thread 0x0000000017fd2800 nmethod 5816 0x0000000004550090 code [0x00000000045501e0, 0x0000000004550410]
Event: 53.727 Thread 0x0000000017fd2800 5815       3       com.sun.xml.bind.v2.model.annotation.RuntimeInlineAnnotationReader::hasClassAnnotation (6 bytes)
Event: 53.727 Thread 0x0000000017fd2800 nmethod 5815 0x00000000045504d0 code [0x00000000045506a0, 0x0000000004550d48]
Event: 53.812 Thread 0x0000000017fd2800 5817       3       com.sun.xml.bind.v2.model.impl.RuntimeClassInfoImpl$RuntimePropertySeed::getName (10 bytes)
Event: 53.813 Thread 0x0000000017fd2800 nmethod 5817 0x0000000004551150 code [0x00000000045512c0, 0x00000000045514e8]
Event: 53.813 Thread 0x0000000017fd2800 5819       3       com.sun.xml.bind.v2.model.impl.ElementPropertyInfoImpl::getTypes (469 bytes)

GC Heap History (10 events):
Event: 45.440 GC heap before
{Heap before GC invocations=17 (full 2):
 PSYoungGen      total 60416K, used 58689K [0x00000000d5580000, 0x00000000d9e00000, 0x0000000100000000)
  eden space 49664K, 100% used [0x00000000d5580000,0x00000000d8600000,0x00000000d8600000)
  from space 10752K, 83% used [0x00000000d9100000,0x00000000d99d05d8,0x00000000d9b80000)
  to   space 11264K, 0% used [0x00000000d8600000,0x00000000d8600000,0x00000000d9100000)
 ParOldGen       total 92160K, used 14570K [0x0000000080000000, 0x0000000085a00000, 0x00000000d5580000)
  object space 92160K, 15% used [0x0000000080000000,0x0000000080e3a978,0x0000000085a00000)
 Metaspace       used 45723K, capacity 47482K, committed 47832K, reserved 1091584K
  class space    used 6177K, capacity 6535K, committed 6656K, reserved 1048576K
Event: 45.455 GC heap after
Heap after GC invocations=17 (full 2):
 PSYoungGen      total 60928K, used 11240K [0x00000000d5580000, 0x00000000dad80000, 0x0000000100000000)
  eden space 49664K, 0% used [0x00000000d5580000,0x00000000d5580000,0x00000000d8600000)
  from space 11264K, 99% used [0x00000000d8600000,0x00000000d90fa280,0x00000000d9100000)
  to   space 13312K, 0% used [0x00000000da080000,0x00000000da080000,0x00000000dad80000)
 ParOldGen       total 92160K, used 15925K [0x0000000080000000, 0x0000000085a00000, 0x00000000d5580000)
  object space 92160K, 17% used [0x0000000080000000,0x0000000080f8d568,0x0000000085a00000)
 Metaspace       used 45723K, capacity 47482K, committed 47832K, reserved 1091584K
  class space    used 6177K, capacity 6535K, committed 6656K, reserved 1048576K
}
Event: 47.686 GC heap before
{Heap before GC invocations=18 (full 2):
 PSYoungGen      total 60928K, used 60904K [0x00000000d5580000, 0x00000000dad80000, 0x0000000100000000)
  eden space 49664K, 100% used [0x00000000d5580000,0x00000000d8600000,0x00000000d8600000)
  from space 11264K, 99% used [0x00000000d8600000,0x00000000d90fa280,0x00000000d9100000)
  to   space 13312K, 0% used [0x00000000da080000,0x00000000da080000,0x00000000dad80000)
 ParOldGen       total 92160K, used 15925K [0x0000000080000000, 0x0000000085a00000, 0x00000000d5580000)
  object space 92160K, 17% used [0x0000000080000000,0x0000000080f8d568,0x0000000085a00000)
 Metaspace       used 50728K, capacity 52622K, committed 52952K, reserved 1095680K
  class space    used 6772K, capacity 7133K, committed 7168K, reserved 1048576K
Event: 47.706 GC heap after
Heap after GC invocations=18 (full 2):
 PSYoungGen      total 74240K, used 13281K [0x00000000d5580000, 0x00000000db400000, 0x0000000100000000)
  eden space 60928K, 0% used [0x00000000d5580000,0x00000000d5580000,0x00000000d9100000)
  from space 13312K, 99% used [0x00000000da080000,0x00000000dad78518,0x00000000dad80000)
  to   space 15872K, 0% used [0x00000000d9100000,0x00000000d9100000,0x00000000da080000)
 ParOldGen       total 92160K, used 18331K [0x0000000080000000, 0x0000000085a00000, 0x00000000d5580000)
  object space 92160K, 19% used [0x0000000080000000,0x00000000811e6e78,0x0000000085a00000)
 Metaspace       used 50728K, capacity 52622K, committed 52952K, reserved 1095680K
  class space    used 6772K, capacity 7133K, committed 7168K, reserved 1048576K
}
Event: 50.140 GC heap before
{Heap before GC invocations=19 (full 2):
 PSYoungGen      total 74240K, used 74209K [0x00000000d5580000, 0x00000000db400000, 0x0000000100000000)
  eden space 60928K, 100% used [0x00000000d5580000,0x00000000d9100000,0x00000000d9100000)
  from space 13312K, 99% used [0x00000000da080000,0x00000000dad78518,0x00000000dad80000)
  to   space 15872K, 0% used [0x00000000d9100000,0x00000000d9100000,0x00000000da080000)
 ParOldGen       total 92160K, used 18331K [0x0000000080000000, 0x0000000085a00000, 0x00000000d5580000)
  object space 92160K, 19% used [0x0000000080000000,0x00000000811e6e78,0x0000000085a00000)
 Metaspace       used 54736K, capacity 56912K, committed 57048K, reserved 1097728K
  class space    used 7462K, capacity 7919K, committed 7936K, reserved 1048576K
Event: 50.161 GC heap after
Heap after GC invocations=19 (full 2):
 PSYoungGen      total 76800K, used 15842K [0x00000000d5580000, 0x00000000dc500000, 0x0000000100000000)
  eden space 60928K, 0% used [0x00000000d5580000,0x00000000d5580000,0x00000000d9100000)
  from space 15872K, 99% used [0x00000000d9100000,0x00000000da078860,0x00000000da080000)
  to   space 19968K, 0% used [0x00000000db180000,0x00000000db180000,0x00000000dc500000)
 ParOldGen       total 92160K, used 22625K [0x0000000080000000, 0x0000000085a00000, 0x00000000d5580000)
  object space 92160K, 24% used [0x0000000080000000,0x0000000081618698,0x0000000085a00000)
 Metaspace       used 54736K, capacity 56912K, committed 57048K, reserved 1097728K
  class space    used 7462K, capacity 7919K, committed 7936K, reserved 1048576K
}
Event: 51.395 GC heap before
{Heap before GC invocations=20 (full 2):
 PSYoungGen      total 76800K, used 66685K [0x00000000d5580000, 0x00000000dc500000, 0x0000000100000000)
  eden space 60928K, 83% used [0x00000000d5580000,0x00000000d8726f88,0x00000000d9100000)
  from space 15872K, 99% used [0x00000000d9100000,0x00000000da078860,0x00000000da080000)
  to   space 19968K, 0% used [0x00000000db180000,0x00000000db180000,0x00000000dc500000)
 ParOldGen       total 92160K, used 22625K [0x0000000080000000, 0x0000000085a00000, 0x00000000d5580000)
  object space 92160K, 24% used [0x0000000080000000,0x0000000081618698,0x0000000085a00000)
 Metaspace       used 56500K, capacity 58808K, committed 58968K, reserved 1099776K
  class space    used 7720K, capacity 8210K, committed 8320K, reserved 1048576K
Event: 51.423 GC heap after
Heap after GC invocations=20 (full 2):
 PSYoungGen      total 94208K, used 11945K [0x00000000d5580000, 0x00000000dc780000, 0x0000000100000000)
  eden space 74240K, 0% used [0x00000000d5580000,0x00000000d5580000,0x00000000d9e00000)
  from space 19968K, 59% used [0x00000000db180000,0x00000000dbd2a7f8,0x00000000dc500000)
  to   space 19968K, 0% used [0x00000000d9e00000,0x00000000d9e00000,0x00000000db180000)
 ParOldGen       total 92160K, used 27917K [0x0000000080000000, 0x0000000085a00000, 0x00000000d5580000)
  object space 92160K, 30% used [0x0000000080000000,0x0000000081b434e8,0x0000000085a00000)
 Metaspace       used 56500K, capacity 58808K, committed 58968K, reserved 1099776K
  class space    used 7720K, capacity 8210K, committed 8320K, reserved 1048576K
}
Event: 51.423 GC heap before
{Heap before GC invocations=21 (full 3):
 PSYoungGen      total 94208K, used 11945K [0x00000000d5580000, 0x00000000dc780000, 0x0000000100000000)
  eden space 74240K, 0% used [0x00000000d5580000,0x00000000d5580000,0x00000000d9e00000)
  from space 19968K, 59% used [0x00000000db180000,0x00000000dbd2a7f8,0x00000000dc500000)
  to   space 19968K, 0% used [0x00000000d9e00000,0x00000000d9e00000,0x00000000db180000)
 ParOldGen       total 92160K, used 27917K [0x0000000080000000, 0x0000000085a00000, 0x00000000d5580000)
  object space 92160K, 30% used [0x0000000080000000,0x0000000081b434e8,0x0000000085a00000)
 Metaspace       used 56500K, capacity 58808K, committed 58968K, reserved 1099776K
  class space    used 7720K, capacity 8210K, committed 8320K, reserved 1048576K
Event: 51.714 GC heap after
Heap after GC invocations=21 (full 3):
 PSYoungGen      total 94208K, used 0K [0x00000000d5580000, 0x00000000dc780000, 0x0000000100000000)
  eden space 74240K, 0% used [0x00000000d5580000,0x00000000d5580000,0x00000000d9e00000)
  from space 19968K, 0% used [0x00000000db180000,0x00000000db180000,0x00000000dc500000)
  to   space 19968K, 0% used [0x00000000d9e00000,0x00000000d9e00000,0x00000000db180000)
 ParOldGen       total 133632K, used 33522K [0x0000000080000000, 0x0000000088280000, 0x00000000d5580000)
  object space 133632K, 25% used [0x0000000080000000,0x00000000820bca20,0x0000000088280000)
 Metaspace       used 56500K, capacity 58808K, committed 58968K, reserved 1099776K
  class space    used 7720K, capacity 8210K, committed 8320K, reserved 1048576K
}

Deoptimization events (10 events):
Event: 51.805 Thread 0x000000001a853800 Uncommon trap: reason=unstable_if action=reinterpret pc=0x0000000003afb2e8 method=java.util.HashMap.getNode(ILjava/lang/Object;)Ljava/util/HashMap$Node; @ 84
Event: 51.805 Thread 0x000000001a853800 Uncommon trap: reason=unstable_if action=reinterpret pc=0x00000000042b63b0 method=java.util.HashMap.getNode(ILjava/lang/Object;)Ljava/util/HashMap$Node; @ 84
Event: 51.849 Thread 0x000000001a853800 Uncommon trap: reason=unstable_if action=reinterpret pc=0x00000000039ac644 method=java.io.WinNTFileSystem.normalize(Ljava/lang/String;)Ljava/lang/String; @ 74
Event: 52.470 Thread 0x000000001a853800 Uncommon trap: reason=unstable_if action=reinterpret pc=0x0000000003ce3ba8 method=java.util.HashMap.putVal(ILjava/lang/Object;Ljava/lang/Object;ZZ)Ljava/lang/Object; @ 109
Event: 52.470 Thread 0x000000001a853800 Uncommon trap: reason=unstable_if action=reinterpret pc=0x0000000003ce4840 method=java.util.HashMap.putVal(ILjava/lang/Object;Ljava/lang/Object;ZZ)Ljava/lang/Object; @ 109
Event: 53.141 Thread 0x000000001a853800 Uncommon trap: reason=bimorphic action=maybe_recompile pc=0x000000000417a754 method=java.util.regex.Pattern$5.isSatisfiedBy(I)Z @ 16
Event: 53.141 Thread 0x000000001a853800 Uncommon trap: reason=bimorphic action=maybe_recompile pc=0x000000000417a754 method=java.util.regex.Pattern$5.isSatisfiedBy(I)Z @ 16
Event: 53.141 Thread 0x000000001a853800 Uncommon trap: reason=bimorphic action=maybe_recompile pc=0x000000000417a754 method=java.util.regex.Pattern$5.isSatisfiedBy(I)Z @ 16
Event: 53.141 Thread 0x000000001a853800 Uncommon trap: reason=bimorphic action=maybe_recompile pc=0x000000000417a754 method=java.util.regex.Pattern$5.isSatisfiedBy(I)Z @ 16
Event: 53.640 Thread 0x000000001a853800 Uncommon trap: reason=null_check action=make_not_entrant pc=0x00000000044de520 method=java.lang.Class.createAnnotationData(I)Ljava/lang/Class$AnnotationData; @ 14

Classes redefined (0 events):
No events

Internal exceptions (10 events):
Event: 52.775 Thread 0x000000001a853800 Exception <a 'java/lang/ClassNotFoundException': com/android/build/gradle/internal/tasks/IncrementalTaskBeanInfo> (0x00000000d76c1b40) thrown at [C:\src\AOSP-openjdk-git\hotspot\src\share\vm\classfile\systemDictionary.cpp, line 210]
Event: 52.777 Thread 0x000000001a853800 Exception <a 'java/lang/ClassNotFoundException': com/android/build/gradle/internal/tasks/AndroidVariantTaskBeanInfo> (0x00000000d76e0050) thrown at [C:\src\AOSP-openjdk-git\hotspot\src\share\vm\classfile\systemDictionary.cpp, line 210]
Event: 52.778 Thread 0x000000001a853800 Exception <a 'java/lang/ClassNotFoundException': com/android/build/gradle/internal/tasks/AndroidVariantTaskCustomizer> (0x00000000d76ff6c0) thrown at [C:\src\AOSP-openjdk-git\hotspot\src\share\vm\classfile\systemDictionary.cpp, line 210]
Event: 52.780 Thread 0x000000001a853800 Exception <a 'java/lang/ClassNotFoundException': com/android/build/gradle/internal/tasks/IncrementalTaskCustomizer> (0x00000000d7736328) thrown at [C:\src\AOSP-openjdk-git\hotspot\src\share\vm\classfile\systemDictionary.cpp, line 210]
Event: 52.781 Thread 0x000000001a853800 Exception <a 'java/lang/ClassNotFoundException': com/android/build/gradle/tasks/ResourceAwareTaskCustomizer> (0x00000000d7767d08) thrown at [C:\src\AOSP-openjdk-git\hotspot\src\share\vm\classfile\systemDictionary.cpp, line 210]
Event: 52.783 Thread 0x000000001a853800 Exception <a 'java/lang/ClassNotFoundException': com/android/build/gradle/tasks/MergeResourcesCustomizer> (0x00000000d77a4b68) thrown at [C:\src\AOSP-openjdk-git\hotspot\src\share\vm\classfile\systemDictionary.cpp, line 210]
Event: 52.795 Thread 0x000000001a853800 Exception <a 'java/lang/ClassNotFoundException': com/android/build/gradle/tasks/MergeResources_DecoratedCustomizer> (0x00000000d780bbf0) thrown at [C:\src\AOSP-openjdk-git\hotspot\src\share\vm\classfile\systemDictionary.cpp, line 210]
Event: 52.983 Thread 0x000000001a853800 Exception <a 'sun/nio/fs/WindowsException'> (0x00000000d7a8ce78) thrown at [C:\src\AOSP-openjdk-git\hotspot\src\share\vm\prims\jni.cpp, line 710]
Event: 53.216 Thread 0x000000001a853800 Exception <a 'java/lang/ClassNotFoundException': com/sun/org/glassfish/hk2/osgiresourcelocator/ServiceLoader> (0x00000000d7e73f70) thrown at [C:\src\AOSP-openjdk-git\hotspot\src\share\vm\classfile\systemDictionary.cpp, line 210]
Event: 53.383 Thread 0x000000001a853800 Exception <a 'java/lang/NullPointerException'> (0x00000000d8307978) thrown at [C:\src\AOSP-openjdk-git\hotspot\src\share\vm\interpreter\linkResolver.cpp, line 1287]

Events (10 events):
Event: 53.810 loading class com/sun/xml/bind/v2/runtime/property/ValueProperty
Event: 53.810 loading class com/sun/xml/bind/v2/runtime/property/ValueProperty done
Event: 53.811 loading class com/sun/xml/bind/v2/runtime/unmarshaller/ValuePropertyLoader
Event: 53.811 loading class com/sun/xml/bind/v2/runtime/unmarshaller/ValuePropertyLoader done
Event: 53.813 loading class com/sun/istack/SAXException2
Event: 53.813 loading class com/sun/istack/SAXException2 done
Event: 53.813 loading class com/sun/xml/bind/v2/runtime/unmarshaller/LocatorEx
Event: 53.813 loading class com/sun/xml/bind/v2/runtime/unmarshaller/LocatorEx done
Event: 53.814 loading class com/sun/xml/bind/v2/runtime/unmarshaller/Patcher
Event: 53.814 loading class com/sun/xml/bind/v2/runtime/unmarshaller/Patcher done


Dynamic libraries:
0x00007ff7ce610000 - 0x00007ff7ce641000 	C:\Program Files\Android\Android Studio\jre\bin\java.exe
0x00007ffd946d0000 - 0x00007ffd948c5000 	C:\Windows\SYSTEM32\ntdll.dll
0x00007ffd92740000 - 0x00007ffd927fd000 	C:\Windows\System32\KERNEL32.DLL
0x00007ffd920b0000 - 0x00007ffd92378000 	C:\Windows\System32\KERNELBASE.dll
0x00007ffd93040000 - 0x00007ffd930ec000 	C:\Windows\System32\ADVAPI32.dll
0x00007ffd93d30000 - 0x00007ffd93dce000 	C:\Windows\System32\msvcrt.dll
0x00007ffd94110000 - 0x00007ffd941ab000 	C:\Windows\System32\sechost.dll
0x00007ffd93e80000 - 0x00007ffd93fab000 	C:\Windows\System32\RPCRT4.dll
0x00007ffd931a0000 - 0x00007ffd93340000 	C:\Windows\System32\USER32.dll
0x00007ffd92700000 - 0x00007ffd92722000 	C:\Windows\System32\win32u.dll
0x00007ffd93010000 - 0x00007ffd9303a000 	C:\Windows\System32\GDI32.dll
0x00007ffd91e40000 - 0x00007ffd91f4b000 	C:\Windows\System32\gdi32full.dll
0x00007ffd92450000 - 0x00007ffd924ed000 	C:\Windows\System32\msvcp_win.dll
0x00007ffd91f50000 - 0x00007ffd92050000 	C:\Windows\System32\ucrtbase.dll
0x00007ffd75b20000 - 0x00007ffd75dba000 	C:\Windows\WinSxS\amd64_microsoft.windows.common-controls_6595b64144ccf1df_6.0.19041.844_none_ca00b6081b84eb1d\COMCTL32.dll
0x00007ffd92980000 - 0x00007ffd929b0000 	C:\Windows\System32\IMM32.DLL
0x0000000075210000 - 0x00000000752e2000 	C:\Program Files\Android\Android Studio\jre\jre\bin\msvcr100.dll
0x0000000075530000 - 0x0000000075d7b000 	C:\Program Files\Android\Android Studio\jre\jre\bin\server\jvm.dll
0x00007ffd929b0000 - 0x00007ffd929b8000 	C:\Windows\System32\PSAPI.DLL
0x00007ffd84b90000 - 0x00007ffd84b9a000 	C:\Windows\SYSTEM32\VERSION.dll
0x00007ffd8da20000 - 0x00007ffd8da29000 	C:\Windows\SYSTEM32\WSOCK32.dll
0x00007ffd758b0000 - 0x00007ffd758d7000 	C:\Windows\SYSTEM32\WINMM.dll
0x00007ffd941b0000 - 0x00007ffd9421b000 	C:\Windows\System32\WS2_32.dll
0x00007ffd8da10000 - 0x00007ffd8da1f000 	C:\Program Files\Android\Android Studio\jre\jre\bin\verify.dll
0x00007ffd8aed0000 - 0x00007ffd8aef9000 	C:\Program Files\Android\Android Studio\jre\jre\bin\java.dll
0x00007ffd76f40000 - 0x00007ffd76f56000 	C:\Program Files\Android\Android Studio\jre\jre\bin\zip.dll
0x00007ffd935e0000 - 0x00007ffd93d22000 	C:\Windows\System32\SHELL32.dll
0x00007ffd8ff50000 - 0x00007ffd906e1000 	C:\Windows\SYSTEM32\windows.storage.dll
0x00007ffd92bd0000 - 0x00007ffd92f25000 	C:\Windows\System32\combase.dll
0x00007ffd91880000 - 0x00007ffd918ac000 	C:\Windows\SYSTEM32\Wldp.dll
0x00007ffd930f0000 - 0x00007ffd9319e000 	C:\Windows\System32\SHCORE.dll
0x00007ffd92fb0000 - 0x00007ffd93005000 	C:\Windows\System32\shlwapi.dll
0x00007ffd91d50000 - 0x00007ffd91d6f000 	C:\Windows\SYSTEM32\profapi.dll
0x00007ffd6d830000 - 0x00007ffd6d84a000 	C:\Program Files\Android\Android Studio\jre\jre\bin\net.dll
0x00007ffd915f0000 - 0x00007ffd9165a000 	C:\Windows\system32\mswsock.dll
0x00007ffd62ef0000 - 0x00007ffd62f03000 	C:\Program Files\Android\Android Studio\jre\jre\bin\nio.dll
0x00007ffd8d3f0000 - 0x00007ffd8d417000 	C:\Users\hp\.gradle\native\f6784746aeab05261644944871eae4fe03e0ef1612fff0a4a95f87b438bc6780\windows-amd64\native-platform.dll
0x00007ffd8cc40000 - 0x00007ffd8cc4d000 	C:\Program Files\Android\Android Studio\jre\jre\bin\management.dll
0x00007ffd917c0000 - 0x00007ffd917d8000 	C:\Windows\SYSTEM32\CRYPTSP.dll
0x00007ffd90f20000 - 0x00007ffd90f54000 	C:\Windows\system32\rsaenh.dll
0x00007ffd91e10000 - 0x00007ffd91e37000 	C:\Windows\System32\bcrypt.dll
0x00007ffd91d10000 - 0x00007ffd91d3e000 	C:\Windows\SYSTEM32\USERENV.dll
0x00007ffd923d0000 - 0x00007ffd92450000 	C:\Windows\System32\bcryptprimitives.dll
0x00007ffd917e0000 - 0x00007ffd917ec000 	C:\Windows\SYSTEM32\CRYPTBASE.dll
0x00007ffd91290000 - 0x00007ffd912cb000 	C:\Windows\SYSTEM32\IPHLPAPI.DLL
0x00007ffd935d0000 - 0x00007ffd935d8000 	C:\Windows\System32\NSI.dll
0x00007ffd87190000 - 0x00007ffd871a7000 	C:\Windows\SYSTEM32\dhcpcsvc6.DLL
0x00007ffd87170000 - 0x00007ffd8718d000 	C:\Windows\SYSTEM32\dhcpcsvc.DLL
0x00007ffd912d0000 - 0x00007ffd9139c000 	C:\Windows\SYSTEM32\DNSAPI.dll
0x00007ffd871c0000 - 0x00007ffd871cb000 	C:\Windows\SYSTEM32\WINNSI.DLL

VM Arguments:
jvm_args: -Xmx2048m -Dfile.encoding=UTF-8 -Duser.country=US -Duser.language=en -Duser.variant 
java_command: org.gradle.launcher.daemon.bootstrap.GradleDaemon 6.5
java_class_path (initial): C:\Users\hp\.gradle\wrapper\dists\gradle-6.5-all\2oz4ud9k3tuxjg84bbf55q0tn\gradle-6.5\lib\gradle-launcher-6.5.jar
Launcher Type: SUN_STANDARD

Environment Variables:
PATH=C:\Program Files\Common Files\Oracle\Java\javapath;C:\Program Files (x86)\Common Files\Oracle\Java\javapath;C:\Windows\system32;C:\Windows;C:\Windows\System32\Wbem;C:\Windows\System32\WindowsPowerShell\v1.0\;C:\Windows\System32\OpenSSH\;C:\Program Files\Microsoft SQL Server\Client SDK\ODBC\170\Tools\Binn\;C:\Program Files (x86)\Microsoft SQL Server\150\Tools\Binn\;C:\Program Files\Microsoft SQL Server\150\Tools\Binn\;C:\Program Files\Microsoft SQL Server\150\DTS\Binn\;C:\Program Files (x86)\Microsoft SQL Server\150\DTS\Binn\;C:\Program Files\Azure Data Studio\bin;C:\Program Files\MySQL\MySQL Shell 8.0\bin\;C:\Users\hp\AppData\Local\Microsoft\WindowsApps;;C:\Program Files\Azure Data Studio\bin
USERNAME=hp
OS=Windows_NT
PROCESSOR_IDENTIFIER=Intel64 Family 6 Model 42 Stepping 7, GenuineIntel



---------------  S Y S T E M  ---------------

OS: Windows 10.0 , 64 bit Build 19041 (10.0.19041.928)

CPU:total 4 (initial active 4) (2 cores per cpu, 2 threads per core) family 6 model 42 stepping 7, cmov, cx8, fxsr, mmx, sse, sse2, sse3, ssse3, sse4.1, sse4.2, popcnt, avx, aes, clmul, ht, tsc, tscinvbit

Memory: 4k page, physical 8295060k(721816k free), swap 27423072k(2896k free)

vm_info: OpenJDK 64-Bit Server VM (25.242-b01) for windows-amd64 JRE (1.8.0_242-release-1644-b01), built by "builder" with MS VC++ 10.0 (VS2010)

time: Tue May 18 15:41:52 2021
timezone: Morocco Daylight Time
elapsed time: 53 seconds (0d 0h 0m 53s)

